#
# There is insufficient memory for the Java Runtime Environment to continue.
# Native memory allocation (mmap) failed to map 137363456 bytes for Failed to commit area from 0x0000000711c00000 to 0x0000000719f00000 of length 137363456.
# Possible reasons:
#   The system is out of physical RAM or swap space
#   The process is running with CompressedOops enabled, and the Java Heap may be blocking the growth of the native heap
# Possible solutions:
#   Reduce memory load on the system
#   Increase physical memory or swap space
#   Check if swap backing store is full
#   Decrease Java heap size (-Xmx/-Xms)
#   Decrease number of Java threads
#   Decrease Java thread stack sizes (-Xss)
#   Set larger code cache with -XX:ReservedCodeCacheSize=
#   JVM is running with Zero Based Compressed Oops mode in which the Java heap is
#     placed in the first 32GB address space. The Java Heap base address is the
#     maximum limit for the native heap growth. Please use -XX:HeapBaseMinAddress
#     to set the Java Heap base and to place the Java Heap above 32GB virtual address.
# This output file may be truncated or incomplete.
#
#  Out of Memory Error (c:/BuildAgent/work/5ff2f6c26000d570/src/hotspot/os/windows/os_windows.cpp:3296), pid=20740, tid=21568
#
# JRE version: OpenJDK Runtime Environment (11.0.6+8) (build 11.0.6+8-b520.43)
# Java VM: OpenJDK 64-Bit Server VM (11.0.6+8-b520.43, mixed mode, tiered, compressed oops, g1 gc, windows-amd64)
# No core dump will be written. Minidumps are not enabled by default on client versions of Windows
#

---------------  S U M M A R Y ------------

Command Line: -XX:TieredStopAtLevel=1 -Xverify:none -Dspring.output.ansi.enabled=always -Dcom.sun.management.jmxremote -Dspring.jmx.enabled=true -Dspring.liveBeansView.mbeanDomain -Dspring.application.admin.enabled=true -javaagent:C:\Program Files\JetBrains\IntelliJ IDEA 2018.3.5\lib\idea_rt.jar=49347:C:\Program Files\JetBrains\IntelliJ IDEA 2018.3.5\bin -Dfile.encoding=UTF-8 pl.project.QuizServerApplication

Host: Intel(R) Core(TM) i5-7300HQ CPU @ 2.50GHz, 4 cores, 15G,  Windows 10 , 64 bit Build 18362 (10.0.18362.1110)
Time: Mon Nov 16 22:41:56 2020 Central European Standard Time elapsed time: 8 seconds (0d 0h 0m 8s)

---------------  T H R E A D  ---------------

Current thread (0x0000017a7fa68000):  VMThread "VM Thread" [stack: 0x0000004043b00000,0x0000004043c00000] [id=21568]

Stack: [0x0000004043b00000,0x0000004043c00000]
[error occurred during error reporting (printing stack bounds), id 0xc0000005, EXCEPTION_ACCESS_VIOLATION (0xc0000005) at pc=0x0000017a6a500dad]

Native frames: (J=compiled Java code, j=interpreted, Vv=VM code, C=native code)
V  [jvm.dll+0x5de31a]
V  [jvm.dll+0x710ae5]
V  [jvm.dll+0x712005]
V  [jvm.dll+0x712615]
V  [jvm.dll+0x7125cb]
V  [jvm.dll+0x5dd798]
V  [jvm.dll+0x5ddf08]
C  [ntdll.dll+0xa184f]
C  [ntdll.dll+0x6a889]
C  [ntdll.dll+0xa04be]
C  0x0000017a6a500dad

VM_Operation (0x00000040434f9d50): CollectForMetadataAllocation, mode: safepoint, requested by thread 0x0000017a66440000


---------------  P R O C E S S  ---------------

Threads class SMR info:
_java_thread_list=0x0000017a08e10ff0, length=18, elements={
0x0000017a66440000, 0x0000017a7f1a3800, 0x0000017a7f1a7800, 0x0000017a7fabf800,
0x0000017a7fac0800, 0x0000017a7fac1800, 0x0000017a7fae1800, 0x0000017a7fc5f000,
0x0000017a0641e800, 0x0000017a7fdbd800, 0x0000017a06590000, 0x0000017a07b71800,
0x0000017a07e8c000, 0x0000017a07621000, 0x0000017a07667800, 0x0000017a07a72800,
0x0000017a08c44000, 0x0000017a08c80000
}

Java Threads: ( => current thread )
  0x0000017a66440000 JavaThread "main" [_thread_blocked, id=20932, stack(0x0000004043400000,0x0000004043500000)]
  0x0000017a7f1a3800 JavaThread "Reference Handler" daemon [_thread_blocked, id=2720, stack(0x0000004043c00000,0x0000004043d00000)]
  0x0000017a7f1a7800 JavaThread "Finalizer" daemon [_thread_blocked, id=4800, stack(0x0000004043d00000,0x0000004043e00000)]
  0x0000017a7fabf800 JavaThread "Signal Dispatcher" daemon [_thread_blocked, id=22080, stack(0x0000004043e00000,0x0000004043f00000)]
  0x0000017a7fac0800 JavaThread "Attach Listener" daemon [_thread_blocked, id=15424, stack(0x0000004043f00000,0x0000004044000000)]
  0x0000017a7fac1800 JavaThread "C1 CompilerThread0" daemon [_thread_blocked, id=11084, stack(0x0000004044000000,0x0000004044100000)]
  0x0000017a7fae1800 JavaThread "Sweeper thread" daemon [_thread_blocked, id=22724, stack(0x0000004044100000,0x0000004044200000)]
  0x0000017a7fc5f000 JavaThread "Common-Cleaner" daemon [_thread_blocked, id=24168, stack(0x0000004044200000,0x0000004044300000)]
  0x0000017a0641e800 JavaThread "Monitor Ctrl-Break" daemon [_thread_in_native, id=9600, stack(0x0000004044300000,0x0000004044400000)]
  0x0000017a7fdbd800 JavaThread "Service Thread" daemon [_thread_blocked, id=10464, stack(0x0000004044400000,0x0000004044500000)]
  0x0000017a06590000 JavaThread "RMI TCP Accept-0" daemon [_thread_in_native, id=24308, stack(0x0000004044500000,0x0000004044600000)]
  0x0000017a07b71800 JavaThread "RMI TCP Connection(2)-192.168.99.1" daemon [_thread_in_native, id=1552, stack(0x0000004044a00000,0x0000004044b00000)]
  0x0000017a07e8c000 JavaThread "RMI Scheduler(0)" daemon [_thread_blocked, id=22488, stack(0x0000004044b00000,0x0000004044c00000)]
  0x0000017a07621000 JavaThread "mysql-cj-abandoned-connection-cleanup" daemon [_thread_blocked, id=24320, stack(0x0000004044d00000,0x0000004044e00000)]
  0x0000017a07667800 JavaThread "RMI TCP Connection(3)-192.168.99.1" daemon [_thread_in_native, id=19812, stack(0x0000004044f00000,0x0000004045000000)]
  0x0000017a07a72800 JavaThread "PostgreSQL-JDBC-SharedTimer-1" daemon [_thread_blocked, id=21800, stack(0x0000004045000000,0x0000004045100000)]
  0x0000017a08c44000 JavaThread "HikariPool-1 housekeeper" daemon [_thread_blocked, id=15928, stack(0x0000004045100000,0x0000004045200000)]
  0x0000017a08c80000 JavaThread "HikariPool-1 connection adder" daemon [_thread_blocked, id=24488, stack(0x0000004045200000,0x0000004045300000)]

Other Threads:
=>0x0000017a7fa68000 VMThread "VM Thread" [stack: 0x0000004043b00000,0x0000004043c00000] [id=21568]
  0x0000017a06593000 WatcherThread [stack: 0x0000004044600000,0x0000004044700000] [id=15068]
  0x0000017a66459800 GCTaskThread "GC Thread#0" [stack: 0x0000004043600000,0x0000004043700000] [id=11636]
  0x0000017a06581000 GCTaskThread "GC Thread#1" [stack: 0x0000004044700000,0x0000004044800000] [id=21216]
  0x0000017a065ff800 GCTaskThread "GC Thread#2" [stack: 0x0000004044800000,0x0000004044900000] [id=21788]
  0x0000017a06600000 GCTaskThread "GC Thread#3" [stack: 0x0000004044900000,0x0000004044a00000] [id=21868]
  0x0000017a664b6800 ConcurrentGCThread "G1 Main Marker" [stack: 0x0000004043700000,0x0000004043800000] [id=23056]
  0x0000017a664b8000 ConcurrentGCThread "G1 Conc#0" [stack: 0x0000004043800000,0x0000004043900000] [id=17088]
  0x0000017a7f08f800 ConcurrentGCThread "G1 Refine#0" [stack: 0x0000004043900000,0x0000004043a00000] [id=16696]
  0x0000017a7fcf0000 ConcurrentGCThread "G1 Refine#1" [stack: 0x0000004044c00000,0x0000004044d00000] [id=18532]
  0x0000017a7f090800 ConcurrentGCThread "G1 Young RemSet Sampling" [stack: 0x0000004043a00000,0x0000004043b00000] [id=2092]

Threads with active compile tasks:

VM state:at safepoint (normal execution)

VM Mutex/Monitor currently owned by a thread:  ([mutex/lock_event])
[0x0000017a6643c910] Threads_lock - owner thread: 0x0000017a7fa68000
[0x0000017a6643bd40] Heap_lock - owner thread: 0x0000017a66440000

Heap address: 0x0000000701c00000, size: 4068 MB, Compressed Oops mode: Zero based, Oop shift amount: 3
Narrow klass base: 0x0000000800000000, Narrow klass shift: 0
Compressed class space size: 1073741824 Address: 0x0000000800000000

Heap:
 garbage-first heap   total 396288K, used 28613K [0x0000000701c00000, 0x0000000800000000)
  region size 1024K, 15 young (15360K), 15 survivors (15360K)
 Metaspace       used 58623K, capacity 60278K, committed 60376K, reserved 1101824K
  class space    used 7769K, capacity 8414K, committed 8448K, reserved 1048576K
Heap Regions: E=young(eden), S=young(survivor), O=old, HS=humongous(starts), HC=humongous(continues), CS=collection set, F=free, A=archive, TAMS=top-at-mark-start (previous, next)
|   0|0x0000000701c00000, 0x0000000701d00000, 0x0000000701d00000|100%|HS|  |TAMS 0x0000000701d00000, 0x0000000701d00000| Complete 
|   1|0x0000000701d00000, 0x0000000701e00000, 0x0000000701e00000|100%|HS|  |TAMS 0x0000000701e00000, 0x0000000701e00000| Complete 
|   2|0x0000000701e00000, 0x0000000701f00000, 0x0000000701f00000|100%| O|  |TAMS 0x0000000701f00000, 0x0000000701f00000| Untracked 
|   3|0x0000000701f00000, 0x0000000702000000, 0x0000000702000000|100%| O|  |TAMS 0x0000000702000000, 0x0000000702000000| Untracked 
|   4|0x0000000702000000, 0x0000000702100000, 0x0000000702100000|100%| O|  |TAMS 0x0000000702100000, 0x0000000702100000| Untracked 
|   5|0x0000000702100000, 0x0000000702200000, 0x0000000702200000|100%| O|  |TAMS 0x0000000702200000, 0x0000000702200000| Untracked 
|   6|0x0000000702200000, 0x0000000702300000, 0x0000000702300000|100%| O|  |TAMS 0x0000000702300000, 0x0000000702300000| Untracked 
|   7|0x0000000702300000, 0x0000000702400000, 0x0000000702400000|100%| O|  |TAMS 0x0000000702400000, 0x0000000702400000| Untracked 
|   8|0x0000000702400000, 0x0000000702500000, 0x0000000702500000|100%| O|  |TAMS 0x0000000702500000, 0x0000000702500000| Untracked 
|   9|0x0000000702500000, 0x0000000702600000, 0x0000000702600000|100%| O|  |TAMS 0x0000000702507200, 0x0000000702600000| Untracked 
|  10|0x0000000702600000, 0x0000000702700000, 0x0000000702700000|100%| O|  |TAMS 0x0000000702600000, 0x0000000702700000| Untracked 
|  11|0x0000000702700000, 0x0000000702800000, 0x0000000702800000|100%| O|  |TAMS 0x0000000702700000, 0x0000000702800000| Untracked 
|  12|0x0000000702800000, 0x0000000702900000, 0x0000000702900000|100%| O|  |TAMS 0x0000000702800000, 0x0000000702900000| Untracked 
|  13|0x0000000702900000, 0x0000000702971400, 0x0000000702a00000| 44%| O|  |TAMS 0x0000000702900000, 0x0000000702971400| Untracked 
|  14|0x0000000702a00000, 0x0000000702a00000, 0x0000000702b00000|  0%| F|  |TAMS 0x0000000702a00000, 0x0000000702a00000| Untracked 
|  15|0x0000000702b00000, 0x0000000702b00000, 0x0000000702c00000|  0%| F|  |TAMS 0x0000000702b00000, 0x0000000702b00000| Untracked 
|  16|0x0000000702c00000, 0x0000000702c00000, 0x0000000702d00000|  0%| F|  |TAMS 0x0000000702c00000, 0x0000000702c00000| Untracked 
|  17|0x0000000702d00000, 0x0000000702d00000, 0x0000000702e00000|  0%| F|  |TAMS 0x0000000702d00000, 0x0000000702d00000| Untracked 
|  18|0x0000000702e00000, 0x0000000702e00000, 0x0000000702f00000|  0%| F|  |TAMS 0x0000000702e00000, 0x0000000702e00000| Untracked 
|  19|0x0000000702f00000, 0x0000000702f00000, 0x0000000703000000|  0%| F|  |TAMS 0x0000000702f00000, 0x0000000702f00000| Untracked 
|  20|0x0000000703000000, 0x0000000703000000, 0x0000000703100000|  0%| F|  |TAMS 0x0000000703000000, 0x0000000703000000| Untracked 
|  21|0x0000000703100000, 0x0000000703100000, 0x0000000703200000|  0%| F|  |TAMS 0x0000000703100000, 0x0000000703100000| Untracked 
|  22|0x0000000703200000, 0x0000000703200000, 0x0000000703300000|  0%| F|  |TAMS 0x0000000703200000, 0x0000000703200000| Untracked 
|  23|0x0000000703300000, 0x0000000703300000, 0x0000000703400000|  0%| F|  |TAMS 0x0000000703300000, 0x0000000703300000| Untracked 
|  24|0x0000000703400000, 0x0000000703400000, 0x0000000703500000|  0%| F|  |TAMS 0x0000000703400000, 0x0000000703400000| Untracked 
|  25|0x0000000703500000, 0x0000000703500000, 0x0000000703600000|  0%| F|  |TAMS 0x0000000703500000, 0x0000000703500000| Untracked 
|  26|0x0000000703600000, 0x0000000703600000, 0x0000000703700000|  0%| F|  |TAMS 0x0000000703600000, 0x0000000703600000| Untracked 
|  27|0x0000000703700000, 0x0000000703700000, 0x0000000703800000|  0%| F|  |TAMS 0x0000000703700000, 0x0000000703700000| Untracked 
|  28|0x0000000703800000, 0x0000000703800000, 0x0000000703900000|  0%| F|  |TAMS 0x0000000703800000, 0x0000000703800000| Untracked 
|  29|0x0000000703900000, 0x0000000703900000, 0x0000000703a00000|  0%| F|  |TAMS 0x0000000703900000, 0x0000000703900000| Untracked 
|  30|0x0000000703a00000, 0x0000000703a00000, 0x0000000703b00000|  0%| F|  |TAMS 0x0000000703a00000, 0x0000000703a00000| Untracked 
|  31|0x0000000703b00000, 0x0000000703b00000, 0x0000000703c00000|  0%| F|  |TAMS 0x0000000703b00000, 0x0000000703b00000| Untracked 
|  32|0x0000000703c00000, 0x0000000703c00000, 0x0000000703d00000|  0%| F|  |TAMS 0x0000000703c00000, 0x0000000703c00000| Untracked 
|  33|0x0000000703d00000, 0x0000000703d00000, 0x0000000703e00000|  0%| F|  |TAMS 0x0000000703d00000, 0x0000000703d00000| Untracked 
|  34|0x0000000703e00000, 0x0000000703e00000, 0x0000000703f00000|  0%| F|  |TAMS 0x0000000703e00000, 0x0000000703e00000| Untracked 
|  35|0x0000000703f00000, 0x0000000703f00000, 0x0000000704000000|  0%| F|  |TAMS 0x0000000703f00000, 0x0000000703f00000| Untracked 
|  36|0x0000000704000000, 0x0000000704000000, 0x0000000704100000|  0%| F|  |TAMS 0x0000000704000000, 0x0000000704000000| Untracked 
|  37|0x0000000704100000, 0x0000000704100000, 0x0000000704200000|  0%| F|  |TAMS 0x0000000704100000, 0x0000000704100000| Untracked 
|  38|0x0000000704200000, 0x0000000704200000, 0x0000000704300000|  0%| F|  |TAMS 0x0000000704200000, 0x0000000704200000| Untracked 
|  39|0x0000000704300000, 0x0000000704300000, 0x0000000704400000|  0%| F|  |TAMS 0x0000000704300000, 0x0000000704300000| Untracked 
|  40|0x0000000704400000, 0x0000000704400000, 0x0000000704500000|  0%| F|  |TAMS 0x0000000704400000, 0x0000000704400000| Untracked 
|  41|0x0000000704500000, 0x0000000704500000, 0x0000000704600000|  0%| F|  |TAMS 0x0000000704500000, 0x0000000704500000| Untracked 
|  42|0x0000000704600000, 0x0000000704600000, 0x0000000704700000|  0%| F|  |TAMS 0x0000000704600000, 0x0000000704600000| Untracked 
|  43|0x0000000704700000, 0x0000000704700000, 0x0000000704800000|  0%| F|  |TAMS 0x0000000704700000, 0x0000000704700000| Untracked 
|  44|0x0000000704800000, 0x0000000704800000, 0x0000000704900000|  0%| F|  |TAMS 0x0000000704800000, 0x0000000704800000| Untracked 
|  45|0x0000000704900000, 0x0000000704900000, 0x0000000704a00000|  0%| F|  |TAMS 0x0000000704900000, 0x0000000704900000| Untracked 
|  46|0x0000000704a00000, 0x0000000704a00000, 0x0000000704b00000|  0%| F|  |TAMS 0x0000000704a00000, 0x0000000704a00000| Untracked 
|  47|0x0000000704b00000, 0x0000000704b00000, 0x0000000704c00000|  0%| F|  |TAMS 0x0000000704b00000, 0x0000000704b00000| Untracked 
|  48|0x0000000704c00000, 0x0000000704c00000, 0x0000000704d00000|  0%| F|  |TAMS 0x0000000704c00000, 0x0000000704c00000| Untracked 
|  49|0x0000000704d00000, 0x0000000704d00000, 0x0000000704e00000|  0%| F|  |TAMS 0x0000000704d00000, 0x0000000704d00000| Untracked 
|  50|0x0000000704e00000, 0x0000000704e00000, 0x0000000704f00000|  0%| F|  |TAMS 0x0000000704e00000, 0x0000000704e00000| Untracked 
|  51|0x0000000704f00000, 0x0000000704f00000, 0x0000000705000000|  0%| F|  |TAMS 0x0000000704f00000, 0x0000000704f00000| Untracked 
|  52|0x0000000705000000, 0x0000000705000000, 0x0000000705100000|  0%| F|  |TAMS 0x0000000705000000, 0x0000000705000000| Untracked 
|  53|0x0000000705100000, 0x0000000705100000, 0x0000000705200000|  0%| F|  |TAMS 0x0000000705100000, 0x0000000705100000| Untracked 
|  54|0x0000000705200000, 0x0000000705200000, 0x0000000705300000|  0%| F|  |TAMS 0x0000000705200000, 0x0000000705200000| Untracked 
|  55|0x0000000705300000, 0x0000000705300000, 0x0000000705400000|  0%| F|  |TAMS 0x0000000705300000, 0x0000000705300000| Untracked 
|  56|0x0000000705400000, 0x0000000705400000, 0x0000000705500000|  0%| F|  |TAMS 0x0000000705400000, 0x0000000705400000| Untracked 
|  57|0x0000000705500000, 0x0000000705500000, 0x0000000705600000|  0%| F|  |TAMS 0x0000000705500000, 0x0000000705500000| Untracked 
|  58|0x0000000705600000, 0x0000000705600000, 0x0000000705700000|  0%| F|  |TAMS 0x0000000705600000, 0x0000000705600000| Untracked 
|  59|0x0000000705700000, 0x0000000705700000, 0x0000000705800000|  0%| F|  |TAMS 0x0000000705700000, 0x0000000705700000| Untracked 
|  60|0x0000000705800000, 0x0000000705800000, 0x0000000705900000|  0%| F|  |TAMS 0x0000000705800000, 0x0000000705800000| Untracked 
|  61|0x0000000705900000, 0x0000000705900000, 0x0000000705a00000|  0%| F|  |TAMS 0x0000000705900000, 0x0000000705900000| Untracked 
|  62|0x0000000705a00000, 0x0000000705a00000, 0x0000000705b00000|  0%| F|  |TAMS 0x0000000705a00000, 0x0000000705a00000| Untracked 
|  63|0x0000000705b00000, 0x0000000705b00000, 0x0000000705c00000|  0%| F|  |TAMS 0x0000000705b00000, 0x0000000705b00000| Untracked 
|  64|0x0000000705c00000, 0x0000000705c00000, 0x0000000705d00000|  0%| F|  |TAMS 0x0000000705c00000, 0x0000000705c00000| Untracked 
|  65|0x0000000705d00000, 0x0000000705d00000, 0x0000000705e00000|  0%| F|  |TAMS 0x0000000705d00000, 0x0000000705d00000| Untracked 
|  66|0x0000000705e00000, 0x0000000705e00000, 0x0000000705f00000|  0%| F|  |TAMS 0x0000000705e00000, 0x0000000705e00000| Untracked 
|  67|0x0000000705f00000, 0x0000000705f00000, 0x0000000706000000|  0%| F|  |TAMS 0x0000000705f00000, 0x0000000705f00000| Untracked 
|  68|0x0000000706000000, 0x0000000706000000, 0x0000000706100000|  0%| F|  |TAMS 0x0000000706000000, 0x0000000706000000| Untracked 
|  69|0x0000000706100000, 0x0000000706100000, 0x0000000706200000|  0%| F|  |TAMS 0x0000000706100000, 0x0000000706100000| Untracked 
|  70|0x0000000706200000, 0x0000000706200000, 0x0000000706300000|  0%| F|  |TAMS 0x0000000706200000, 0x0000000706200000| Untracked 
|  71|0x0000000706300000, 0x0000000706300000, 0x0000000706400000|  0%| F|  |TAMS 0x0000000706300000, 0x0000000706300000| Untracked 
|  72|0x0000000706400000, 0x0000000706400000, 0x0000000706500000|  0%| F|  |TAMS 0x0000000706400000, 0x0000000706400000| Untracked 
|  73|0x0000000706500000, 0x0000000706500000, 0x0000000706600000|  0%| F|  |TAMS 0x0000000706500000, 0x0000000706500000| Untracked 
|  74|0x0000000706600000, 0x0000000706600000, 0x0000000706700000|  0%| F|  |TAMS 0x0000000706600000, 0x0000000706600000| Untracked 
|  75|0x0000000706700000, 0x0000000706700000, 0x0000000706800000|  0%| F|  |TAMS 0x0000000706700000, 0x0000000706700000| Untracked 
|  76|0x0000000706800000, 0x0000000706800000, 0x0000000706900000|  0%| F|  |TAMS 0x0000000706800000, 0x0000000706800000| Untracked 
|  77|0x0000000706900000, 0x0000000706900000, 0x0000000706a00000|  0%| F|  |TAMS 0x0000000706900000, 0x0000000706900000| Untracked 
|  78|0x0000000706a00000, 0x0000000706a00000, 0x0000000706b00000|  0%| F|  |TAMS 0x0000000706a00000, 0x0000000706a00000| Untracked 
|  79|0x0000000706b00000, 0x0000000706b00000, 0x0000000706c00000|  0%| F|  |TAMS 0x0000000706b00000, 0x0000000706b00000| Untracked 
|  80|0x0000000706c00000, 0x0000000706c00000, 0x0000000706d00000|  0%| F|  |TAMS 0x0000000706c00000, 0x0000000706c00000| Untracked 
|  81|0x0000000706d00000, 0x0000000706d00000, 0x0000000706e00000|  0%| F|  |TAMS 0x0000000706d00000, 0x0000000706d00000| Untracked 
|  82|0x0000000706e00000, 0x0000000706e00000, 0x0000000706f00000|  0%| F|  |TAMS 0x0000000706e00000, 0x0000000706e00000| Untracked 
|  83|0x0000000706f00000, 0x0000000706f00000, 0x0000000707000000|  0%| F|  |TAMS 0x0000000706f00000, 0x0000000706f00000| Untracked 
|  84|0x0000000707000000, 0x0000000707000000, 0x0000000707100000|  0%| F|  |TAMS 0x0000000707000000, 0x0000000707000000| Untracked 
|  85|0x0000000707100000, 0x0000000707100000, 0x0000000707200000|  0%| F|  |TAMS 0x0000000707100000, 0x0000000707100000| Untracked 
|  86|0x0000000707200000, 0x0000000707200000, 0x0000000707300000|  0%| F|  |TAMS 0x0000000707200000, 0x0000000707200000| Untracked 
|  87|0x0000000707300000, 0x0000000707300000, 0x0000000707400000|  0%| F|  |TAMS 0x0000000707300000, 0x0000000707300000| Untracked 
|  88|0x0000000707400000, 0x0000000707400000, 0x0000000707500000|  0%| F|  |TAMS 0x0000000707400000, 0x0000000707400000| Untracked 
|  89|0x0000000707500000, 0x0000000707500000, 0x0000000707600000|  0%| F|  |TAMS 0x0000000707500000, 0x0000000707500000| Untracked 
|  90|0x0000000707600000, 0x0000000707600000, 0x0000000707700000|  0%| F|  |TAMS 0x0000000707600000, 0x0000000707600000| Untracked 
|  91|0x0000000707700000, 0x0000000707700000, 0x0000000707800000|  0%| F|  |TAMS 0x0000000707700000, 0x0000000707700000| Untracked 
|  92|0x0000000707800000, 0x0000000707800000, 0x0000000707900000|  0%| F|  |TAMS 0x0000000707800000, 0x0000000707800000| Untracked 
|  93|0x0000000707900000, 0x0000000707900000, 0x0000000707a00000|  0%| F|  |TAMS 0x0000000707900000, 0x0000000707900000| Untracked 
|  94|0x0000000707a00000, 0x0000000707a00000, 0x0000000707b00000|  0%| F|  |TAMS 0x0000000707a00000, 0x0000000707a00000| Untracked 
|  95|0x0000000707b00000, 0x0000000707b00000, 0x0000000707c00000|  0%| F|  |TAMS 0x0000000707b00000, 0x0000000707b00000| Untracked 
|  96|0x0000000707c00000, 0x0000000707c00000, 0x0000000707d00000|  0%| F|  |TAMS 0x0000000707c00000, 0x0000000707c00000| Untracked 
|  97|0x0000000707d00000, 0x0000000707d00000, 0x0000000707e00000|  0%| F|  |TAMS 0x0000000707d00000, 0x0000000707d00000| Untracked 
|  98|0x0000000707e00000, 0x0000000707e00000, 0x0000000707f00000|  0%| F|  |TAMS 0x0000000707e00000, 0x0000000707e00000| Untracked 
|  99|0x0000000707f00000, 0x0000000707f00000, 0x0000000708000000|  0%| F|  |TAMS 0x0000000707f00000, 0x0000000707f00000| Untracked 
| 100|0x0000000708000000, 0x0000000708000000, 0x0000000708100000|  0%| F|  |TAMS 0x0000000708000000, 0x0000000708000000| Untracked 
| 101|0x0000000708100000, 0x0000000708100000, 0x0000000708200000|  0%| F|  |TAMS 0x0000000708100000, 0x0000000708100000| Untracked 
| 102|0x0000000708200000, 0x0000000708200000, 0x0000000708300000|  0%| F|  |TAMS 0x0000000708200000, 0x0000000708200000| Untracked 
| 103|0x0000000708300000, 0x0000000708300000, 0x0000000708400000|  0%| F|  |TAMS 0x0000000708300000, 0x0000000708300000| Untracked 
| 104|0x0000000708400000, 0x0000000708400000, 0x0000000708500000|  0%| F|  |TAMS 0x0000000708400000, 0x0000000708400000| Untracked 
| 105|0x0000000708500000, 0x0000000708500000, 0x0000000708600000|  0%| F|  |TAMS 0x0000000708500000, 0x0000000708500000| Untracked 
| 106|0x0000000708600000, 0x0000000708600000, 0x0000000708700000|  0%| F|  |TAMS 0x0000000708600000, 0x0000000708600000| Untracked 
| 107|0x0000000708700000, 0x0000000708700000, 0x0000000708800000|  0%| F|  |TAMS 0x0000000708700000, 0x0000000708700000| Untracked 
| 108|0x0000000708800000, 0x0000000708800000, 0x0000000708900000|  0%| F|  |TAMS 0x0000000708800000, 0x0000000708800000| Untracked 
| 109|0x0000000708900000, 0x0000000708900000, 0x0000000708a00000|  0%| F|  |TAMS 0x0000000708900000, 0x0000000708900000| Untracked 
| 110|0x0000000708a00000, 0x0000000708a00000, 0x0000000708b00000|  0%| F|  |TAMS 0x0000000708a00000, 0x0000000708a00000| Untracked 
| 111|0x0000000708b00000, 0x0000000708b00000, 0x0000000708c00000|  0%| F|  |TAMS 0x0000000708b00000, 0x0000000708b00000| Untracked 
| 112|0x0000000708c00000, 0x0000000708c00000, 0x0000000708d00000|  0%| F|  |TAMS 0x0000000708c00000, 0x0000000708c00000| Untracked 
| 113|0x0000000708d00000, 0x0000000708d00000, 0x0000000708e00000|  0%| F|  |TAMS 0x0000000708d00000, 0x0000000708d00000| Untracked 
| 114|0x0000000708e00000, 0x0000000708e00000, 0x0000000708f00000|  0%| F|  |TAMS 0x0000000708e00000, 0x0000000708e00000| Untracked 
| 115|0x0000000708f00000, 0x0000000708f00000, 0x0000000709000000|  0%| F|  |TAMS 0x0000000708f00000, 0x0000000708f00000| Untracked 
| 116|0x0000000709000000, 0x0000000709000000, 0x0000000709100000|  0%| F|  |TAMS 0x0000000709000000, 0x0000000709000000| Untracked 
| 117|0x0000000709100000, 0x0000000709100000, 0x0000000709200000|  0%| F|  |TAMS 0x0000000709100000, 0x0000000709100000| Untracked 
| 118|0x0000000709200000, 0x0000000709200000, 0x0000000709300000|  0%| F|  |TAMS 0x0000000709200000, 0x0000000709200000| Untracked 
| 119|0x0000000709300000, 0x0000000709300000, 0x0000000709400000|  0%| F|  |TAMS 0x0000000709300000, 0x0000000709300000| Untracked 
| 120|0x0000000709400000, 0x0000000709400000, 0x0000000709500000|  0%| F|  |TAMS 0x0000000709400000, 0x0000000709400000| Untracked 
| 121|0x0000000709500000, 0x0000000709500000, 0x0000000709600000|  0%| F|  |TAMS 0x0000000709500000, 0x0000000709500000| Untracked 
| 122|0x0000000709600000, 0x0000000709600000, 0x0000000709700000|  0%| F|  |TAMS 0x0000000709600000, 0x0000000709600000| Untracked 
| 123|0x0000000709700000, 0x0000000709700000, 0x0000000709800000|  0%| F|  |TAMS 0x0000000709700000, 0x0000000709700000| Untracked 
| 124|0x0000000709800000, 0x0000000709800000, 0x0000000709900000|  0%| F|  |TAMS 0x0000000709800000, 0x0000000709800000| Untracked 
| 125|0x0000000709900000, 0x0000000709900000, 0x0000000709a00000|  0%| F|  |TAMS 0x0000000709900000, 0x0000000709900000| Untracked 
| 126|0x0000000709a00000, 0x0000000709a00000, 0x0000000709b00000|  0%| F|  |TAMS 0x0000000709a00000, 0x0000000709a00000| Untracked 
| 127|0x0000000709b00000, 0x0000000709b00000, 0x0000000709c00000|  0%| F|  |TAMS 0x0000000709b00000, 0x0000000709b00000| Untracked 
| 128|0x0000000709c00000, 0x0000000709c00000, 0x0000000709d00000|  0%| F|  |TAMS 0x0000000709c00000, 0x0000000709c00000| Untracked 
| 129|0x0000000709d00000, 0x0000000709d00000, 0x0000000709e00000|  0%| F|  |TAMS 0x0000000709d00000, 0x0000000709d00000| Untracked 
| 130|0x0000000709e00000, 0x0000000709e00000, 0x0000000709f00000|  0%| F|  |TAMS 0x0000000709e00000, 0x0000000709e00000| Untracked 
| 131|0x0000000709f00000, 0x0000000709f00000, 0x000000070a000000|  0%| F|  |TAMS 0x0000000709f00000, 0x0000000709f00000| Untracked 
| 132|0x000000070a000000, 0x000000070a000000, 0x000000070a100000|  0%| F|  |TAMS 0x000000070a000000, 0x000000070a000000| Untracked 
| 133|0x000000070a100000, 0x000000070a100000, 0x000000070a200000|  0%| F|  |TAMS 0x000000070a100000, 0x000000070a100000| Untracked 
| 134|0x000000070a200000, 0x000000070a200000, 0x000000070a300000|  0%| F|  |TAMS 0x000000070a200000, 0x000000070a200000| Untracked 
| 135|0x000000070a300000, 0x000000070a300000, 0x000000070a400000|  0%| F|  |TAMS 0x000000070a300000, 0x000000070a300000| Untracked 
| 136|0x000000070a400000, 0x000000070a400000, 0x000000070a500000|  0%| F|  |TAMS 0x000000070a400000, 0x000000070a400000| Untracked 
| 137|0x000000070a500000, 0x000000070a500000, 0x000000070a600000|  0%| F|  |TAMS 0x000000070a500000, 0x000000070a500000| Untracked 
| 138|0x000000070a600000, 0x000000070a600000, 0x000000070a700000|  0%| F|  |TAMS 0x000000070a600000, 0x000000070a600000| Untracked 
| 139|0x000000070a700000, 0x000000070a700000, 0x000000070a800000|  0%| F|  |TAMS 0x000000070a700000, 0x000000070a700000| Untracked 
| 140|0x000000070a800000, 0x000000070a800000, 0x000000070a900000|  0%| F|  |TAMS 0x000000070a800000, 0x000000070a800000| Untracked 
| 141|0x000000070a900000, 0x000000070a900000, 0x000000070aa00000|  0%| F|  |TAMS 0x000000070a900000, 0x000000070a900000| Untracked 
| 142|0x000000070aa00000, 0x000000070aa00000, 0x000000070ab00000|  0%| F|  |TAMS 0x000000070aa00000, 0x000000070aa00000| Untracked 
| 143|0x000000070ab00000, 0x000000070ab00000, 0x000000070ac00000|  0%| F|  |TAMS 0x000000070ab00000, 0x000000070ab00000| Untracked 
| 144|0x000000070ac00000, 0x000000070ac00000, 0x000000070ad00000|  0%| F|  |TAMS 0x000000070ac00000, 0x000000070ac00000| Untracked 
| 145|0x000000070ad00000, 0x000000070ad80000, 0x000000070ae00000| 50%| S|CS|TAMS 0x000000070ad00000, 0x000000070ad00000| Complete 
| 146|0x000000070ae00000, 0x000000070af00000, 0x000000070af00000|100%| S|CS|TAMS 0x000000070ae00000, 0x000000070ae00000| Complete 
| 147|0x000000070af00000, 0x000000070b000000, 0x000000070b000000|100%| S|CS|TAMS 0x000000070af00000, 0x000000070af00000| Complete 
| 148|0x000000070b000000, 0x000000070b100000, 0x000000070b100000|100%| S|CS|TAMS 0x000000070b000000, 0x000000070b000000| Complete 
| 149|0x000000070b100000, 0x000000070b200000, 0x000000070b200000|100%| S|CS|TAMS 0x000000070b100000, 0x000000070b100000| Complete 
| 150|0x000000070b200000, 0x000000070b300000, 0x000000070b300000|100%| S|CS|TAMS 0x000000070b200000, 0x000000070b200000| Complete 
| 151|0x000000070b300000, 0x000000070b400000, 0x000000070b400000|100%| S|CS|TAMS 0x000000070b300000, 0x000000070b300000| Complete 
| 152|0x000000070b400000, 0x000000070b500000, 0x000000070b500000|100%| S|CS|TAMS 0x000000070b400000, 0x000000070b400000| Complete 
| 153|0x000000070b500000, 0x000000070b600000, 0x000000070b600000|100%| S|CS|TAMS 0x000000070b500000, 0x000000070b500000| Complete 
| 154|0x000000070b600000, 0x000000070b700000, 0x000000070b700000|100%| S|CS|TAMS 0x000000070b600000, 0x000000070b600000| Complete 
| 155|0x000000070b700000, 0x000000070b800000, 0x000000070b800000|100%| S|CS|TAMS 0x000000070b700000, 0x000000070b700000| Complete 
| 156|0x000000070b800000, 0x000000070b900000, 0x000000070b900000|100%| S|CS|TAMS 0x000000070b800000, 0x000000070b800000| Complete 
| 157|0x000000070b900000, 0x000000070ba00000, 0x000000070ba00000|100%| S|CS|TAMS 0x000000070b900000, 0x000000070b900000| Complete 
| 158|0x000000070ba00000, 0x000000070bb00000, 0x000000070bb00000|100%| S|CS|TAMS 0x000000070ba00000, 0x000000070ba00000| Complete 
| 159|0x000000070bb00000, 0x000000070bc00000, 0x000000070bc00000|100%| S|CS|TAMS 0x000000070bb00000, 0x000000070bb00000| Complete 
| 160|0x000000070bc00000, 0x000000070bc00000, 0x000000070bd00000|  0%| F|  |TAMS 0x000000070bc00000, 0x000000070bc00000| Untracked 
| 161|0x000000070bd00000, 0x000000070bd00000, 0x000000070be00000|  0%| F|  |TAMS 0x000000070bd00000, 0x000000070bd00000| Untracked 
| 162|0x000000070be00000, 0x000000070be00000, 0x000000070bf00000|  0%| F|  |TAMS 0x000000070be00000, 0x000000070be00000| Untracked 
| 163|0x000000070bf00000, 0x000000070bf00000, 0x000000070c000000|  0%| F|  |TAMS 0x000000070bf00000, 0x000000070bf00000| Untracked 
| 164|0x000000070c000000, 0x000000070c000000, 0x000000070c100000|  0%| F|  |TAMS 0x000000070c000000, 0x000000070c000000| Untracked 
| 165|0x000000070c100000, 0x000000070c100000, 0x000000070c200000|  0%| F|  |TAMS 0x000000070c100000, 0x000000070c100000| Untracked 
| 166|0x000000070c200000, 0x000000070c200000, 0x000000070c300000|  0%| F|  |TAMS 0x000000070c200000, 0x000000070c200000| Untracked 
| 167|0x000000070c300000, 0x000000070c300000, 0x000000070c400000|  0%| F|  |TAMS 0x000000070c300000, 0x000000070c300000| Untracked 
| 168|0x000000070c400000, 0x000000070c400000, 0x000000070c500000|  0%| F|  |TAMS 0x000000070c400000, 0x000000070c400000| Untracked 
| 169|0x000000070c500000, 0x000000070c500000, 0x000000070c600000|  0%| F|  |TAMS 0x000000070c500000, 0x000000070c500000| Untracked 
| 170|0x000000070c600000, 0x000000070c600000, 0x000000070c700000|  0%| F|  |TAMS 0x000000070c600000, 0x000000070c600000| Untracked 
| 171|0x000000070c700000, 0x000000070c700000, 0x000000070c800000|  0%| F|  |TAMS 0x000000070c700000, 0x000000070c700000| Untracked 
| 172|0x000000070c800000, 0x000000070c800000, 0x000000070c900000|  0%| F|  |TAMS 0x000000070c800000, 0x000000070c800000| Untracked 
| 173|0x000000070c900000, 0x000000070c900000, 0x000000070ca00000|  0%| F|  |TAMS 0x000000070c900000, 0x000000070c900000| Untracked 
| 174|0x000000070ca00000, 0x000000070ca00000, 0x000000070cb00000|  0%| F|  |TAMS 0x000000070ca00000, 0x000000070ca00000| Untracked 
| 175|0x000000070cb00000, 0x000000070cb00000, 0x000000070cc00000|  0%| F|  |TAMS 0x000000070cb00000, 0x000000070cb00000| Untracked 
| 176|0x000000070cc00000, 0x000000070cc00000, 0x000000070cd00000|  0%| F|  |TAMS 0x000000070cc00000, 0x000000070cc00000| Untracked 
| 177|0x000000070cd00000, 0x000000070cd00000, 0x000000070ce00000|  0%| F|  |TAMS 0x000000070cd00000, 0x000000070cd00000| Untracked 
| 178|0x000000070ce00000, 0x000000070ce00000, 0x000000070cf00000|  0%| F|  |TAMS 0x000000070ce00000, 0x000000070ce00000| Untracked 
| 179|0x000000070cf00000, 0x000000070cf00000, 0x000000070d000000|  0%| F|  |TAMS 0x000000070cf00000, 0x000000070cf00000| Untracked 
| 180|0x000000070d000000, 0x000000070d000000, 0x000000070d100000|  0%| F|  |TAMS 0x000000070d000000, 0x000000070d000000| Untracked 
| 181|0x000000070d100000, 0x000000070d100000, 0x000000070d200000|  0%| F|  |TAMS 0x000000070d100000, 0x000000070d100000| Untracked 
| 182|0x000000070d200000, 0x000000070d200000, 0x000000070d300000|  0%| F|  |TAMS 0x000000070d200000, 0x000000070d200000| Untracked 
| 183|0x000000070d300000, 0x000000070d300000, 0x000000070d400000|  0%| F|  |TAMS 0x000000070d300000, 0x000000070d300000| Untracked 
| 184|0x000000070d400000, 0x000000070d400000, 0x000000070d500000|  0%| F|  |TAMS 0x000000070d400000, 0x000000070d400000| Untracked 
| 185|0x000000070d500000, 0x000000070d500000, 0x000000070d600000|  0%| F|  |TAMS 0x000000070d500000, 0x000000070d500000| Untracked 
| 186|0x000000070d600000, 0x000000070d600000, 0x000000070d700000|  0%| F|  |TAMS 0x000000070d600000, 0x000000070d600000| Untracked 
| 187|0x000000070d700000, 0x000000070d700000, 0x000000070d800000|  0%| F|  |TAMS 0x000000070d700000, 0x000000070d700000| Untracked 
| 188|0x000000070d800000, 0x000000070d800000, 0x000000070d900000|  0%| F|  |TAMS 0x000000070d800000, 0x000000070d800000| Untracked 
| 189|0x000000070d900000, 0x000000070d900000, 0x000000070da00000|  0%| F|  |TAMS 0x000000070d900000, 0x000000070d900000| Untracked 
| 190|0x000000070da00000, 0x000000070da00000, 0x000000070db00000|  0%| F|  |TAMS 0x000000070da00000, 0x000000070da00000| Untracked 
| 191|0x000000070db00000, 0x000000070db00000, 0x000000070dc00000|  0%| F|  |TAMS 0x000000070db00000, 0x000000070db00000| Untracked 
| 192|0x000000070dc00000, 0x000000070dc00000, 0x000000070dd00000|  0%| F|  |TAMS 0x000000070dc00000, 0x000000070dc00000| Untracked 
| 193|0x000000070dd00000, 0x000000070dd00000, 0x000000070de00000|  0%| F|  |TAMS 0x000000070dd00000, 0x000000070dd00000| Untracked 
| 194|0x000000070de00000, 0x000000070de00000, 0x000000070df00000|  0%| F|  |TAMS 0x000000070de00000, 0x000000070de00000| Untracked 
| 195|0x000000070df00000, 0x000000070df00000, 0x000000070e000000|  0%| F|  |TAMS 0x000000070df00000, 0x000000070df00000| Untracked 
| 196|0x000000070e000000, 0x000000070e000000, 0x000000070e100000|  0%| F|  |TAMS 0x000000070e000000, 0x000000070e000000| Untracked 
| 197|0x000000070e100000, 0x000000070e100000, 0x000000070e200000|  0%| F|  |TAMS 0x000000070e100000, 0x000000070e100000| Untracked 
| 198|0x000000070e200000, 0x000000070e200000, 0x000000070e300000|  0%| F|  |TAMS 0x000000070e200000, 0x000000070e200000| Untracked 
| 199|0x000000070e300000, 0x000000070e300000, 0x000000070e400000|  0%| F|  |TAMS 0x000000070e300000, 0x000000070e300000| Untracked 
| 200|0x000000070e400000, 0x000000070e400000, 0x000000070e500000|  0%| F|  |TAMS 0x000000070e400000, 0x000000070e400000| Untracked 
| 201|0x000000070e500000, 0x000000070e500000, 0x000000070e600000|  0%| F|  |TAMS 0x000000070e500000, 0x000000070e500000| Untracked 
| 202|0x000000070e600000, 0x000000070e600000, 0x000000070e700000|  0%| F|  |TAMS 0x000000070e600000, 0x000000070e600000| Untracked 
| 203|0x000000070e700000, 0x000000070e700000, 0x000000070e800000|  0%| F|  |TAMS 0x000000070e700000, 0x000000070e700000| Untracked 
| 204|0x000000070e800000, 0x000000070e800000, 0x000000070e900000|  0%| F|  |TAMS 0x000000070e800000, 0x000000070e800000| Untracked 
| 205|0x000000070e900000, 0x000000070e900000, 0x000000070ea00000|  0%| F|  |TAMS 0x000000070e900000, 0x000000070e900000| Untracked 
| 206|0x000000070ea00000, 0x000000070ea00000, 0x000000070eb00000|  0%| F|  |TAMS 0x000000070ea00000, 0x000000070ea00000| Untracked 
| 207|0x000000070eb00000, 0x000000070eb00000, 0x000000070ec00000|  0%| F|  |TAMS 0x000000070eb00000, 0x000000070eb00000| Untracked 
| 208|0x000000070ec00000, 0x000000070ec00000, 0x000000070ed00000|  0%| F|  |TAMS 0x000000070ec00000, 0x000000070ec00000| Untracked 
| 209|0x000000070ed00000, 0x000000070ed00000, 0x000000070ee00000|  0%| F|  |TAMS 0x000000070ed00000, 0x000000070ed00000| Untracked 
| 210|0x000000070ee00000, 0x000000070ee00000, 0x000000070ef00000|  0%| F|  |TAMS 0x000000070ee00000, 0x000000070ee00000| Untracked 
| 211|0x000000070ef00000, 0x000000070ef00000, 0x000000070f000000|  0%| F|  |TAMS 0x000000070ef00000, 0x000000070ef00000| Untracked 
| 212|0x000000070f000000, 0x000000070f000000, 0x000000070f100000|  0%| F|  |TAMS 0x000000070f000000, 0x000000070f000000| Untracked 
| 213|0x000000070f100000, 0x000000070f100000, 0x000000070f200000|  0%| F|  |TAMS 0x000000070f100000, 0x000000070f100000| Untracked 
| 214|0x000000070f200000, 0x000000070f200000, 0x000000070f300000|  0%| F|  |TAMS 0x000000070f200000, 0x000000070f200000| Untracked 
| 215|0x000000070f300000, 0x000000070f300000, 0x000000070f400000|  0%| F|  |TAMS 0x000000070f300000, 0x000000070f300000| Untracked 
| 216|0x000000070f400000, 0x000000070f400000, 0x000000070f500000|  0%| F|  |TAMS 0x000000070f400000, 0x000000070f400000| Untracked 
| 217|0x000000070f500000, 0x000000070f500000, 0x000000070f600000|  0%| F|  |TAMS 0x000000070f500000, 0x000000070f500000| Untracked 
| 218|0x000000070f600000, 0x000000070f600000, 0x000000070f700000|  0%| F|  |TAMS 0x000000070f600000, 0x000000070f600000| Untracked 
| 219|0x000000070f700000, 0x000000070f700000, 0x000000070f800000|  0%| F|  |TAMS 0x000000070f700000, 0x000000070f700000| Untracked 
| 220|0x000000070f800000, 0x000000070f800000, 0x000000070f900000|  0%| F|  |TAMS 0x000000070f800000, 0x000000070f800000| Untracked 
| 221|0x000000070f900000, 0x000000070f900000, 0x000000070fa00000|  0%| F|  |TAMS 0x000000070f900000, 0x000000070f900000| Untracked 
| 222|0x000000070fa00000, 0x000000070fa00000, 0x000000070fb00000|  0%| F|  |TAMS 0x000000070fa00000, 0x000000070fa00000| Untracked 
| 223|0x000000070fb00000, 0x000000070fb00000, 0x000000070fc00000|  0%| F|  |TAMS 0x000000070fb00000, 0x000000070fb00000| Untracked 
| 224|0x000000070fc00000, 0x000000070fc00000, 0x000000070fd00000|  0%| F|  |TAMS 0x000000070fc00000, 0x000000070fc00000| Untracked 
| 225|0x000000070fd00000, 0x000000070fd00000, 0x000000070fe00000|  0%| F|  |TAMS 0x000000070fd00000, 0x000000070fd00000| Untracked 
| 226|0x000000070fe00000, 0x000000070fe00000, 0x000000070ff00000|  0%| F|  |TAMS 0x000000070fe00000, 0x000000070fe00000| Untracked 
| 227|0x000000070ff00000, 0x000000070ff00000, 0x0000000710000000|  0%| F|  |TAMS 0x000000070ff00000, 0x000000070ff00000| Untracked 
| 228|0x0000000710000000, 0x0000000710000000, 0x0000000710100000|  0%| F|  |TAMS 0x0000000710000000, 0x0000000710000000| Untracked 
| 229|0x0000000710100000, 0x0000000710100000, 0x0000000710200000|  0%| F|  |TAMS 0x0000000710100000, 0x0000000710100000| Untracked 
| 230|0x0000000710200000, 0x0000000710200000, 0x0000000710300000|  0%| F|  |TAMS 0x0000000710200000, 0x0000000710200000| Untracked 
| 231|0x0000000710300000, 0x0000000710300000, 0x0000000710400000|  0%| F|  |TAMS 0x0000000710300000, 0x0000000710300000| Untracked 
| 232|0x0000000710400000, 0x0000000710400000, 0x0000000710500000|  0%| F|  |TAMS 0x0000000710400000, 0x0000000710400000| Untracked 
| 233|0x0000000710500000, 0x0000000710500000, 0x0000000710600000|  0%| F|  |TAMS 0x0000000710500000, 0x0000000710500000| Untracked 
| 234|0x0000000710600000, 0x0000000710600000, 0x0000000710700000|  0%| F|  |TAMS 0x0000000710600000, 0x0000000710600000| Untracked 
| 235|0x0000000710700000, 0x0000000710700000, 0x0000000710800000|  0%| F|  |TAMS 0x0000000710700000, 0x0000000710700000| Untracked 
| 236|0x0000000710800000, 0x0000000710800000, 0x0000000710900000|  0%| F|  |TAMS 0x0000000710800000, 0x0000000710800000| Untracked 
| 237|0x0000000710900000, 0x0000000710900000, 0x0000000710a00000|  0%| F|  |TAMS 0x0000000710900000, 0x0000000710900000| Untracked 
| 238|0x0000000710a00000, 0x0000000710a00000, 0x0000000710b00000|  0%| F|  |TAMS 0x0000000710a00000, 0x0000000710a00000| Untracked 
| 239|0x0000000710b00000, 0x0000000710b00000, 0x0000000710c00000|  0%| F|  |TAMS 0x0000000710b00000, 0x0000000710b00000| Untracked 
| 240|0x0000000710c00000, 0x0000000710c00000, 0x0000000710d00000|  0%| F|  |TAMS 0x0000000710c00000, 0x0000000710c00000| Untracked 
| 241|0x0000000710d00000, 0x0000000710d00000, 0x0000000710e00000|  0%| F|  |TAMS 0x0000000710d00000, 0x0000000710d00000| Untracked 
| 242|0x0000000710e00000, 0x0000000710e00000, 0x0000000710f00000|  0%| F|  |TAMS 0x0000000710e00000, 0x0000000710e00000| Untracked 
| 243|0x0000000710f00000, 0x0000000710f00000, 0x0000000711000000|  0%| F|  |TAMS 0x0000000710f00000, 0x0000000710f00000| Untracked 
| 244|0x0000000711000000, 0x0000000711000000, 0x0000000711100000|  0%| F|  |TAMS 0x0000000711000000, 0x0000000711000000| Untracked 
| 245|0x0000000711100000, 0x0000000711100000, 0x0000000711200000|  0%| F|  |TAMS 0x0000000711100000, 0x0000000711100000| Untracked 
| 246|0x0000000711200000, 0x0000000711200000, 0x0000000711300000|  0%| F|  |TAMS 0x0000000711200000, 0x0000000711200000| Untracked 
| 247|0x0000000711300000, 0x0000000711300000, 0x0000000711400000|  0%| F|  |TAMS 0x0000000711300000, 0x0000000711300000| Untracked 
| 248|0x0000000711400000, 0x0000000711400000, 0x0000000711500000|  0%| F|  |TAMS 0x0000000711400000, 0x0000000711400000| Untracked 
| 249|0x0000000711500000, 0x0000000711500000, 0x0000000711600000|  0%| F|  |TAMS 0x0000000711500000, 0x0000000711500000| Untracked 
| 250|0x0000000711600000, 0x0000000711600000, 0x0000000711700000|  0%| F|  |TAMS 0x0000000711600000, 0x0000000711600000| Untracked 
| 251|0x0000000711700000, 0x0000000711700000, 0x0000000711800000|  0%| F|  |TAMS 0x0000000711700000, 0x0000000711700000| Untracked 
| 252|0x0000000711800000, 0x0000000711800000, 0x0000000711900000|  0%| F|  |TAMS 0x0000000711800000, 0x0000000711800000| Untracked 
| 253|0x0000000711900000, 0x0000000711900000, 0x0000000711a00000|  0%| F|  |TAMS 0x0000000711900000, 0x0000000711900000| Untracked 
| 254|0x0000000711a00000, 0x0000000711a00000, 0x0000000711b00000|  0%| F|  |TAMS 0x0000000711a00000, 0x0000000711a00000| Untracked 
| 255|0x0000000711b00000, 0x0000000711b00000, 0x0000000711c00000|  0%| F|  |TAMS 0x0000000711b00000, 0x0000000711b00000| Untracked 

Card table byte_map: [0x0000017a79d00000,0x0000017a7a500000] _byte_map_base: 0x0000017a764f2000

Marking Bits (Prev, Next): (CMBitMap*) 0x0000017a664a5078, (CMBitMap*) 0x0000017a664a50b0
 Prev Bits: [0x0000017a7ad00000, 0x0000017a7ec90000)
 Next Bits: [0x0000017a00000000, 0x0000017a03f90000)

Polling page: 0x0000017a64290000

Metaspace:

Usage:
  Non-class:     50.65 MB capacity,    49.66 MB ( 98%) used,   813.07 KB (  2%) free+waste,   196.69 KB ( <1%) overhead. 
      Class:      8.22 MB capacity,     7.59 MB ( 92%) used,   549.02 KB (  7%) free+waste,    95.44 KB (  1%) overhead. 
       Both:     58.87 MB capacity,    57.25 MB ( 97%) used,     1.33 MB (  2%) free+waste,   292.13 KB ( <1%) overhead. 

Virtual space:
  Non-class space:       52.00 MB reserved,      50.71 MB ( 98%) committed 
      Class space:        1.00 GB reserved,       8.25 MB ( <1%) committed 
             Both:        1.05 GB reserved,      58.96 MB (  5%) committed 

Chunk freelists:
   Non-Class:  40.00 KB
       Class:  0 bytes
        Both:  40.00 KB

MaxMetaspaceSize: 17179869184.00 GB
CompressedClassSpaceSize: 1.00 GB

CodeHeap 'non-profiled nmethods': size=238912Kb used=9433Kb max_used=9433Kb free=229478Kb
 bounds [0x0000017a6abb0000, 0x0000017a6b4f0000, 0x0000017a79500000]
CodeHeap 'non-nmethods': size=6848Kb used=1252Kb max_used=1252Kb free=5595Kb
 bounds [0x0000017a6a500000, 0x0000017a6a770000, 0x0000017a6abb0000]
 total_blobs=6677 nmethods=5781 adapters=533
 compilation: enabled
              stopped_count=0, restarted_count=0
 full_count=0

Compilation events (20 events):
Event: 8.251 Thread 0x0000017a7fac1800 5785       1       org.springframework.data.repository.core.support.MethodLookups$RepositoryAwareMethodLookup$$Lambda$846/0x0000000800822040::get$Lambda (9 bytes)
Event: 8.252 Thread 0x0000017a7fac1800 nmethod 5785 0x0000017a6b4e0f10 code [0x0000017a6b4e10c0, 0x0000017a6b4e1278]
Event: 8.252 Thread 0x0000017a7fac1800 5786       1       java.util.regex.ASCII::isDigit (18 bytes)
Event: 8.253 Thread 0x0000017a7fac1800 nmethod 5786 0x0000017a6b4e1310 code [0x0000017a6b4e14c0, 0x0000017a6b4e15d8]
Event: 8.254 Thread 0x0000017a7fac1800 5787       1       org.springframework.data.util.Streamable::stream (11 bytes)
Event: 8.254 Thread 0x0000017a7fac1800 nmethod 5787 0x0000017a6b4e1690 code [0x0000017a6b4e1880, 0x0000017a6b4e1b60]
Event: 8.254 Thread 0x0000017a7fac1800 5788       1       java.lang.Iterable::spliterator (11 bytes)
Event: 8.255 Thread 0x0000017a7fac1800 nmethod 5788 0x0000017a6b4e1d10 code [0x0000017a6b4e1ee0, 0x0000017a6b4e2260]
Event: 8.259 Thread 0x0000017a7fac1800 5789       1       java.util.Formatter::checkText (58 bytes)
Event: 8.260 Thread 0x0000017a7fac1800 nmethod 5789 0x0000017a6b4e2390 code [0x0000017a6b4e25a0, 0x0000017a6b4e2a60]
Event: 8.260 Thread 0x0000017a7fac1800 5790       1       java.util.Formatter$FixedString::index (3 bytes)
Event: 8.260 Thread 0x0000017a7fac1800 nmethod 5790 0x0000017a6b4e2e10 code [0x0000017a6b4e2fc0, 0x0000017a6b4e30d8]
Event: 8.267 Thread 0x0000017a7fac1800 5791       1       java.util.regex.Pattern::compile (498 bytes)
Event: 8.268 Thread 0x0000017a7fac1800 nmethod 5791 0x0000017a6b4e3190 code [0x0000017a6b4e34e0, 0x0000017a6b4e4b70]
Event: 8.271 Thread 0x0000017a7fac1800 5792       1       java.lang.Character$UnicodeBlock::<init> (17 bytes)
Event: 8.272 Thread 0x0000017a7fac1800 nmethod 5792 0x0000017a6b4e5190 code [0x0000017a6b4e5360, 0x0000017a6b4e5680]
Event: 8.272 Thread 0x0000017a7fac1800 5793       1       java.lang.Character$Subset::<init> (24 bytes)
Event: 8.272 Thread 0x0000017a7fac1800 nmethod 5793 0x0000017a6b4e5790 code [0x0000017a6b4e5960, 0x0000017a6b4e5bb0]
Event: 8.274 Thread 0x0000017a7fac1800 5794       1       java.util.regex.Pattern$Node::study (21 bytes)
Event: 8.274 Thread 0x0000017a7fac1800 nmethod 5794 0x0000017a6b4e5c90 code [0x0000017a6b4e5e40, 0x0000017a6b4e5fb0]

GC Heap History (17 events):
Event: 1.394 GC heap before
{Heap before GC invocations=0 (full 0):
 garbage-first heap   total 262144K, used 15360K [0x0000000701c00000, 0x0000000800000000)
  region size 1024K, 14 young (14336K), 0 survivors (0K)
 Metaspace       used 11373K, capacity 11722K, committed 11904K, reserved 1060864K
  class space    used 1193K, capacity 1334K, committed 1408K, reserved 1048576K
}
Event: 1.502 GC heap after
{Heap after GC invocations=1 (full 0):
 garbage-first heap   total 262144K, used 9254K [0x0000000701c00000, 0x0000000800000000)
  region size 1024K, 2 young (2048K), 2 survivors (2048K)
 Metaspace       used 11373K, capacity 11722K, committed 11904K, reserved 1060864K
  class space    used 1193K, capacity 1334K, committed 1408K, reserved 1048576K
}
Event: 1.813 GC heap before
{Heap before GC invocations=1 (full 0):
 garbage-first heap   total 262144K, used 18470K [0x0000000701c00000, 0x0000000800000000)
  region size 1024K, 12 young (12288K), 2 survivors (2048K)
 Metaspace       used 14194K, capacity 14509K, committed 14720K, reserved 1062912K
  class space    used 1495K, capacity 1625K, committed 1664K, reserved 1048576K
}
Event: 1.816 GC heap after
{Heap after GC invocations=2 (full 0):
 garbage-first heap   total 262144K, used 10617K [0x0000000701c00000, 0x0000000800000000)
  region size 1024K, 2 young (2048K), 2 survivors (2048K)
 Metaspace       used 14194K, capacity 14509K, committed 14720K, reserved 1062912K
  class space    used 1495K, capacity 1625K, committed 1664K, reserved 1048576K
}
Event: 2.153 GC heap before
{Heap before GC invocations=2 (full 0):
 garbage-first heap   total 262144K, used 34169K [0x0000000701c00000, 0x0000000800000000)
  region size 1024K, 25 young (25600K), 2 survivors (2048K)
 Metaspace       used 18722K, capacity 19212K, committed 19328K, reserved 1067008K
  class space    used 2120K, capacity 2329K, committed 2432K, reserved 1048576K
}
Event: 2.156 GC heap after
{Heap after GC invocations=3 (full 0):
 garbage-first heap   total 262144K, used 11735K [0x0000000701c00000, 0x0000000800000000)
  region size 1024K, 3 young (3072K), 3 survivors (3072K)
 Metaspace       used 18722K, capacity 19212K, committed 19328K, reserved 1067008K
  class space    used 2120K, capacity 2329K, committed 2432K, reserved 1048576K
}
Event: 2.290 GC heap before
{Heap before GC invocations=3 (full 0):
 garbage-first heap   total 262144K, used 28119K [0x0000000701c00000, 0x0000000800000000)
  region size 1024K, 20 young (20480K), 3 survivors (3072K)
 Metaspace       used 20600K, capacity 21115K, committed 21296K, reserved 1069056K
  class space    used 2462K, capacity 2665K, committed 2688K, reserved 1048576K
}
Event: 2.294 GC heap after
{Heap after GC invocations=4 (full 0):
 garbage-first heap   total 262144K, used 12316K [0x0000000701c00000, 0x0000000800000000)
  region size 1024K, 3 young (3072K), 3 survivors (3072K)
 Metaspace       used 20600K, capacity 21115K, committed 21296K, reserved 1069056K
  class space    used 2462K, capacity 2665K, committed 2688K, reserved 1048576K
}
Event: 2.905 GC heap before
{Heap before GC invocations=5 (full 0):
 garbage-first heap   total 262144K, used 63516K [0x0000000701c00000, 0x0000000800000000)
  region size 1024K, 54 young (55296K), 3 survivors (3072K)
 Metaspace       used 25471K, capacity 26201K, committed 26496K, reserved 1073152K
  class space    used 3103K, capacity 3366K, committed 3456K, reserved 1048576K
}
Event: 2.910 GC heap after
{Heap after GC invocations=6 (full 0):
 garbage-first heap   total 262144K, used 14298K [0x0000000701c00000, 0x0000000800000000)
  region size 1024K, 5 young (5120K), 5 survivors (5120K)
 Metaspace       used 25471K, capacity 26201K, committed 26496K, reserved 1073152K
  class space    used 3103K, capacity 3366K, committed 3456K, reserved 1048576K
}
Event: 3.281 GC heap before
{Heap before GC invocations=6 (full 0):
 garbage-first heap   total 262144K, used 90074K [0x0000000701c00000, 0x0000000800000000)
  region size 1024K, 80 young (81920K), 5 survivors (5120K)
 Metaspace       used 27854K, capacity 28740K, committed 28928K, reserved 1075200K
  class space    used 3449K, capacity 3797K, committed 3840K, reserved 1048576K
}
Event: 3.286 GC heap after
{Heap after GC invocations=7 (full 0):
 garbage-first heap   total 262144K, used 16261K [0x0000000701c00000, 0x0000000800000000)
  region size 1024K, 7 young (7168K), 7 survivors (7168K)
 Metaspace       used 27854K, capacity 28740K, committed 28928K, reserved 1075200K
  class space    used 3449K, capacity 3797K, committed 3840K, reserved 1048576K
}
Event: 4.376 GC heap before
{Heap before GC invocations=7 (full 0):
 garbage-first heap   total 262144K, used 103301K [0x0000000701c00000, 0x0000000800000000)
  region size 1024K, 93 young (95232K), 7 survivors (7168K)
 Metaspace       used 34686K, capacity 35886K, committed 35968K, reserved 1081344K
  class space    used 4467K, capacity 4949K, committed 4992K, reserved 1048576K
}
Event: 4.388 GC heap after
{Heap after GC invocations=8 (full 0):
 garbage-first heap   total 262144K, used 20075K [0x0000000701c00000, 0x0000000800000000)
  region size 1024K, 11 young (11264K), 11 survivors (11264K)
 Metaspace       used 34686K, capacity 35886K, committed 35968K, reserved 1081344K
  class space    used 4467K, capacity 4949K, committed 4992K, reserved 1048576K
}
Event: 6.754 GC heap before
{Heap before GC invocations=9 (full 0):
 garbage-first heap   total 262144K, used 164459K [0x0000000701c00000, 0x0000000800000000)
  region size 1024K, 153 young (156672K), 11 survivors (11264K)
 Metaspace       used 46534K, capacity 47955K, committed 48000K, reserved 1091584K
  class space    used 5946K, capacity 6497K, committed 6528K, reserved 1048576K
}
Event: 6.766 GC heap after
{Heap after GC invocations=10 (full 0):
 garbage-first heap   total 262144K, used 23715K [0x0000000701c00000, 0x0000000800000000)
  region size 1024K, 13 young (13312K), 13 survivors (13312K)
 Metaspace       used 46534K, capacity 47955K, committed 48000K, reserved 1091584K
  class space    used 5946K, capacity 6497K, committed 6528K, reserved 1048576K
}
Event: 8.277 GC heap before
{Heap before GC invocations=10 (full 0):
 garbage-first heap   total 262144K, used 120995K [0x0000000701c00000, 0x0000000800000000)
  region size 1024K, 109 young (111616K), 13 survivors (13312K)
 Metaspace       used 58623K, capacity 60278K, committed 60376K, reserved 1101824K
  class space    used 7769K, capacity 8414K, committed 8448K, reserved 1048576K
}

Deoptimization events (2 events):
Event: 3.670 Thread 0x0000017a66440000 DEOPT PACKING pc=0x0000017a6af02b2c sp=0x00000040434fd8d0
Event: 3.670 Thread 0x0000017a66440000 DEOPT UNPACKING pc=0x0000017a6a528fce sp=0x00000040434fce38 mode 0

Classes redefined (0 events):
No events

Internal exceptions (20 events):
Event: 8.055 Thread 0x0000017a66440000 Exception <a 'java/lang/ClassNotFoundException'{0x000000070cfa3bb0}: org/springframework/beans/factory/FactoryBeanCustomizer> (0x000000070cfa3bb0) thrown at [c:/BuildAgent/work/5ff2f6c26000d570/src/hotspot/share/classfile/systemDictionary.cpp, line 231]
Event: 8.057 Thread 0x0000017a66440000 Exception <a 'java/lang/ClassNotFoundException'{0x000000070cfbee58}: org/springframework/beans/factory/BeanClassLoaderAwareCustomizer> (0x000000070cfbee58) thrown at [c:/BuildAgent/work/5ff2f6c26000d570/src/hotspot/share/classfile/systemDictionary.cpp, li
Event: 8.057 Thread 0x0000017a66440000 Exception <a 'java/lang/ClassNotFoundException'{0x000000070cfd4b08}: org/springframework/beans/factory/AwareCustomizer> (0x000000070cfd4b08) thrown at [c:/BuildAgent/work/5ff2f6c26000d570/src/hotspot/share/classfile/systemDictionary.cpp, line 231]
Event: 8.058 Thread 0x0000017a66440000 Exception <a 'java/lang/ClassNotFoundException'{0x000000070cfebed8}: org/springframework/beans/factory/BeanFactoryAwareCustomizer> (0x000000070cfebed8) thrown at [c:/BuildAgent/work/5ff2f6c26000d570/src/hotspot/share/classfile/systemDictionary.cpp, line 2
Event: 8.058 Thread 0x0000017a66440000 Exception <a 'java/lang/ClassNotFoundException'{0x000000070ce02410}: org/springframework/beans/factory/AwareCustomizer> (0x000000070ce02410) thrown at [c:/BuildAgent/work/5ff2f6c26000d570/src/hotspot/share/classfile/systemDictionary.cpp, line 231]
Event: 8.059 Thread 0x0000017a66440000 Exception <a 'java/lang/ClassNotFoundException'{0x000000070ce1b0a0}: org/springframework/context/ApplicationEventPublisherAwareCustomizer> (0x000000070ce1b0a0) thrown at [c:/BuildAgent/work/5ff2f6c26000d570/src/hotspot/share/classfile/systemDictionary.cpp
Event: 8.060 Thread 0x0000017a66440000 Exception <a 'java/lang/ClassNotFoundException'{0x000000070ce31250}: org/springframework/beans/factory/AwareCustomizer> (0x000000070ce31250) thrown at [c:/BuildAgent/work/5ff2f6c26000d570/src/hotspot/share/classfile/systemDictionary.cpp, line 231]
Event: 8.064 Thread 0x0000017a66440000 Exception <a 'java/lang/ClassNotFoundException'{0x000000070ce68120}: java/lang/ObjectCustomizer> (0x000000070ce68120) thrown at [c:/BuildAgent/work/5ff2f6c26000d570/src/hotspot/share/classfile/systemDictionary.cpp, line 231]
Event: 8.065 Thread 0x0000017a66440000 Exception <a 'java/lang/ClassNotFoundException'{0x000000070ce84530}: org/springframework/core/io/support/PropertiesLoaderSupportCustomizer> (0x000000070ce84530) thrown at [c:/BuildAgent/work/5ff2f6c26000d570/src/hotspot/share/classfile/systemDictionary.cp
Event: 8.067 Thread 0x0000017a66440000 Exception <a 'java/lang/ClassNotFoundException'{0x000000070cea5d78}: org/springframework/beans/factory/config/PropertiesFactoryBeanCustomizer> (0x000000070cea5d78) thrown at [c:/BuildAgent/work/5ff2f6c26000d570/src/hotspot/share/classfile/systemDictionary
Event: 8.068 Thread 0x0000017a66440000 Exception <a 'java/lang/ClassNotFoundException'{0x000000070cecc540}: org/springframework/beans/factory/FactoryBeanCustomizer> (0x000000070cecc540) thrown at [c:/BuildAgent/work/5ff2f6c26000d570/src/hotspot/share/classfile/systemDictionary.cpp, line 231]
Event: 8.069 Thread 0x0000017a66440000 Exception <a 'java/lang/ClassNotFoundException'{0x000000070cee6378}: org/springframework/beans/factory/InitializingBeanCustomizer> (0x000000070cee6378) thrown at [c:/BuildAgent/work/5ff2f6c26000d570/src/hotspot/share/classfile/systemDictionary.cpp, line 2
Event: 8.122 Thread 0x0000017a66440000 Exception <a 'java/lang/NoSuchMethodError'{0x000000070c817980}: 'java.lang.Object java.lang.invoke.DirectMethodHandle$Holder.invokeSpecialIFC(java.lang.Object, java.lang.Object, java.lang.Object)'> (0x000000070c817980) thrown at [c:/BuildAgent/work/5ff2f6
Event: 8.145 Thread 0x0000017a66440000 Exception <a 'java/lang/NoSuchMethodError'{0x000000070c7106f8}: 'java.lang.Object java.lang.invoke.DirectMethodHandle$Holder.invokeInterface(java.lang.Object, java.lang.Object, java.lang.Object)'> (0x000000070c7106f8) thrown at [c:/BuildAgent/work/5ff2f6c
Event: 8.180 Thread 0x0000017a66440000 Exception <a 'java/lang/ClassNotFoundException'{0x000000070c4687d0}: java/lang/ObjectCustomizer> (0x000000070c4687d0) thrown at [c:/BuildAgent/work/5ff2f6c26000d570/src/hotspot/share/classfile/systemDictionary.cpp, line 231]
Event: 8.181 Thread 0x0000017a66440000 Exception <a 'java/lang/ClassNotFoundException'{0x000000070c47d9b0}: pl/project/User/UserCustomizer> (0x000000070c47d9b0) thrown at [c:/BuildAgent/work/5ff2f6c26000d570/src/hotspot/share/classfile/systemDictionary.cpp, line 231]
Event: 8.199 Thread 0x0000017a66440000 Exception <a 'java/lang/NoSuchMethodError'{0x000000070c3acf90}: 'int java.lang.invoke.DirectMethodHandle$Holder.invokeVirtual(java.lang.Object, java.lang.Object, java.lang.Object)'> (0x000000070c3acf90) thrown at [c:/BuildAgent/work/5ff2f6c26000d570/src/h
Event: 8.222 Thread 0x0000017a66440000 Exception <a 'java/lang/IncompatibleClassChangeError'{0x000000070c1086f8}: Found class java.lang.Object, but interface was expected> (0x000000070c1086f8) thrown at [c:/BuildAgent/work/5ff2f6c26000d570/src/hotspot/share/interpreter/linkResolver.cpp, line 8
Event: 8.264 Thread 0x0000017a66440000 Exception <a 'java/lang/reflect/InvocationTargetException'{0x000000070bd94eb0}> (0x000000070bd94eb0) thrown at [c:/BuildAgent/work/5ff2f6c26000d570/src/hotspot/share/runtime/reflection.cpp, line 1247]
Event: 8.275 Thread 0x0000017a66440000 Exception <a 'java/lang/NoSuchMethodError'{0x000000070bc17088}: 'java.lang.Object java.lang.invoke.Invokers$Holder.linkToTargetMethod(java.lang.Object, int, java.lang.Object)'> (0x000000070bc17088) thrown at [c:/BuildAgent/work/5ff2f6c26000d570/src/hotspo

Events (20 events):
Event: 8.273 loading class org/springframework/data/repository/query/parser/PartTree$Predicate done
Event: 8.274 loading class org/springframework/data/repository/query/parser/Part
Event: 8.274 loading class org/springframework/data/repository/query/parser/Part done
Event: 8.274 loading class org/springframework/data/repository/query/parser/Part
Event: 8.274 loading class org/springframework/data/repository/query/parser/Part done
Event: 8.274 loading class org/springframework/data/repository/query/parser/Part
Event: 8.274 loading class org/springframework/data/repository/query/parser/Part done
Event: 8.275 loading class org/springframework/data/repository/query/parser/Part$IgnoreCaseType
Event: 8.275 loading class org/springframework/data/repository/query/parser/Part$IgnoreCaseType done
Event: 8.275 loading class org/springframework/data/repository/query/parser/Part$Type
Event: 8.275 loading class org/springframework/data/repository/query/parser/Part$Type done
Event: 8.276 loading class org/springframework/data/mapping/PropertyPath$Key
Event: 8.276 loading class org/springframework/data/mapping/PropertyPath$Key done
Event: 8.276 loading class org/springframework/data/mapping/PropertyPath$Key
Event: 8.276 loading class org/springframework/data/mapping/PropertyPath$Key done
Event: 8.276 loading class org/springframework/data/mapping/PropertyPath$Key
Event: 8.276 loading class org/springframework/data/mapping/PropertyPath$Key done
Event: 8.276 loading class org/springframework/data/repository/query/parser/OrderBySource
Event: 8.276 loading class org/springframework/data/repository/query/parser/OrderBySource done
Event: 8.277 Executing VM operation: CollectForMetadataAllocation


Dynamic libraries:
0x00007ff7b6c10000 - 0x00007ff7b6c1a000 	C:\Program Files\JetBrains\IntelliJ IDEA 2018.3.5\jbr\bin\java.exe
0x00007ffd23920000 - 0x00007ffd23b10000 	C:\WINDOWS\SYSTEM32\ntdll.dll
0x00007ffd222a0000 - 0x00007ffd22352000 	C:\WINDOWS\System32\KERNEL32.DLL
0x00007ffd20e60000 - 0x00007ffd21105000 	C:\WINDOWS\System32\KERNELBASE.dll
0x00007ffd20c80000 - 0x00007ffd20d7a000 	C:\WINDOWS\System32\ucrtbase.dll
0x00007ffd10330000 - 0x00007ffd10349000 	C:\Program Files\JetBrains\IntelliJ IDEA 2018.3.5\jbr\bin\jli.dll
0x00007ffd21a90000 - 0x00007ffd21c24000 	C:\WINDOWS\System32\USER32.dll
0x00007ffd218d0000 - 0x00007ffd218f1000 	C:\WINDOWS\System32\win32u.dll
0x00007ffd231c0000 - 0x00007ffd231e6000 	C:\WINDOWS\System32\GDI32.dll
0x00007ffd208a0000 - 0x00007ffd20a36000 	C:\WINDOWS\System32\gdi32full.dll
0x00007ffd20b90000 - 0x00007ffd20c2e000 	C:\WINDOWS\System32\msvcp_win.dll
0x00007ffcf9c70000 - 0x00007ffcf9c87000 	C:\Program Files\JetBrains\IntelliJ IDEA 2018.3.5\jbr\bin\VCRUNTIME140.dll
0x00007ffd0b7a0000 - 0x00007ffd0ba24000 	C:\WINDOWS\WinSxS\amd64_microsoft.windows.common-controls_6595b64144ccf1df_6.0.18362.1198_none_9e820b57e45ad92f\COMCTL32.dll
0x00007ffd21ed0000 - 0x00007ffd21f6e000 	C:\WINDOWS\System32\msvcrt.dll
0x00007ffd22610000 - 0x00007ffd22945000 	C:\WINDOWS\System32\combase.dll
0x00007ffd21f80000 - 0x00007ffd220a0000 	C:\WINDOWS\System32\RPCRT4.dll
0x00007ffd20de0000 - 0x00007ffd20e60000 	C:\WINDOWS\System32\bcryptPrimitives.dll
0x00007ffd22200000 - 0x00007ffd2222e000 	C:\WINDOWS\System32\IMM32.DLL
0x00007ffce0900000 - 0x00007ffce099d000 	C:\Program Files\JetBrains\IntelliJ IDEA 2018.3.5\jbr\bin\msvcp140.dll
0x00007ffcc0a40000 - 0x00007ffcc14fd000 	C:\Program Files\JetBrains\IntelliJ IDEA 2018.3.5\jbr\bin\server\jvm.dll
0x00007ffd21e20000 - 0x00007ffd21ec3000 	C:\WINDOWS\System32\ADVAPI32.dll
0x00007ffd219d0000 - 0x00007ffd21a67000 	C:\WINDOWS\System32\sechost.dll
0x00007ffd22230000 - 0x00007ffd22238000 	C:\WINDOWS\System32\PSAPI.DLL
0x00007ffcf9ee0000 - 0x00007ffcf9ee9000 	C:\WINDOWS\SYSTEM32\WSOCK32.dll
0x00007ffd22360000 - 0x00007ffd223cf000 	C:\WINDOWS\System32\WS2_32.dll
0x00007ffd1cf50000 - 0x00007ffd1cf74000 	C:\WINDOWS\SYSTEM32\WINMM.dll
0x00007ffd17e90000 - 0x00007ffd17e9a000 	C:\WINDOWS\SYSTEM32\VERSION.dll
0x00007ffd1ce30000 - 0x00007ffd1ce5d000 	C:\WINDOWS\SYSTEM32\WINMMBASE.dll
0x00007ffd20c30000 - 0x00007ffd20c7a000 	C:\WINDOWS\System32\cfgmgr32.dll
0x00007ffd20830000 - 0x00007ffd20841000 	C:\WINDOWS\System32\kernel.appcore.dll
0x00007ffcc1930000 - 0x00007ffcc1941000 	C:\Program Files\JetBrains\IntelliJ IDEA 2018.3.5\jbr\bin\verify.dll
0x00007ffd1f0a0000 - 0x00007ffd1f294000 	C:\WINDOWS\SYSTEM32\DBGHELP.DLL
0x00007ffd02900000 - 0x00007ffd0292a000 	C:\WINDOWS\SYSTEM32\dbgcore.DLL
0x00007ffcc1900000 - 0x00007ffcc1929000 	C:\Program Files\JetBrains\IntelliJ IDEA 2018.3.5\jbr\bin\java.dll
0x00007ffd1c6a0000 - 0x00007ffd1c6af000 	C:\Program Files\JetBrains\IntelliJ IDEA 2018.3.5\jbr\bin\instrument.dll
0x00007ffcc18e0000 - 0x00007ffcc18f8000 	C:\Program Files\JetBrains\IntelliJ IDEA 2018.3.5\jbr\bin\zip.dll
0x00007ffce1380000 - 0x00007ffce138b000 	C:\Program Files\JetBrains\IntelliJ IDEA 2018.3.5\jbr\bin\jimage.dll
0x00007ffd22950000 - 0x00007ffd23037000 	C:\WINDOWS\System32\SHELL32.dll
0x00007ffd21c90000 - 0x00007ffd21d39000 	C:\WINDOWS\System32\shcore.dll
0x00007ffd21140000 - 0x00007ffd218c1000 	C:\WINDOWS\System32\windows.storage.dll
0x00007ffd20850000 - 0x00007ffd20873000 	C:\WINDOWS\System32\profapi.dll
0x00007ffd207e0000 - 0x00007ffd2082a000 	C:\WINDOWS\System32\powrprof.dll
0x00007ffd207d0000 - 0x00007ffd207e0000 	C:\WINDOWS\System32\UMPDC.dll
0x00007ffd21c30000 - 0x00007ffd21c82000 	C:\WINDOWS\System32\shlwapi.dll
0x00007ffd219b0000 - 0x00007ffd219c7000 	C:\WINDOWS\System32\cryptsp.dll
0x00007ffcc18c0000 - 0x00007ffcc18da000 	C:\Program Files\JetBrains\IntelliJ IDEA 2018.3.5\jbr\bin\net.dll
0x00007ffd11500000 - 0x00007ffd115f0000 	C:\WINDOWS\SYSTEM32\WINHTTP.dll
0x00007ffd20020000 - 0x00007ffd20087000 	C:\WINDOWS\system32\mswsock.dll
0x00007ffcc18a0000 - 0x00007ffcc18b4000 	C:\Program Files\JetBrains\IntelliJ IDEA 2018.3.5\jbr\bin\nio.dll
0x00007ffd1aef0000 - 0x00007ffd1af0a000 	C:\Program Files\JetBrains\IntelliJ IDEA 2018.3.5\bin\breakgen64.dll
0x00007ffd1fd70000 - 0x00007ffd1fe3b000 	C:\WINDOWS\SYSTEM32\DNSAPI.dll
0x00007ffd21e10000 - 0x00007ffd21e18000 	C:\WINDOWS\System32\NSI.dll
0x00007ffd1fd30000 - 0x00007ffd1fd6a000 	C:\WINDOWS\SYSTEM32\IPHLPAPI.DLL
0x00007ffd19bd0000 - 0x00007ffd19bda000 	C:\Windows\System32\rasadhlp.dll
0x00007ffd1b130000 - 0x00007ffd1b1a7000 	C:\WINDOWS\System32\fwpuclnt.dll
0x00007ffd21110000 - 0x00007ffd21136000 	C:\WINDOWS\System32\bcrypt.dll
0x00007ffce1350000 - 0x00007ffce135a000 	C:\Program Files\JetBrains\IntelliJ IDEA 2018.3.5\jbr\bin\management.dll
0x00007ffcd0d70000 - 0x00007ffcd0d7c000 	C:\Program Files\JetBrains\IntelliJ IDEA 2018.3.5\jbr\bin\management_ext.dll
0x00007ffd1fb90000 - 0x00007ffd1fbc3000 	C:\WINDOWS\system32\rsaenh.dll
0x00007ffd206b0000 - 0x00007ffd206d5000 	C:\WINDOWS\SYSTEM32\USERENV.dll
0x00007ffd201f0000 - 0x00007ffd201fc000 	C:\WINDOWS\SYSTEM32\CRYPTBASE.dll
0x00007ffd1e6e0000 - 0x00007ffd1e6f6000 	C:\WINDOWS\SYSTEM32\dhcpcsvc6.DLL
0x00007ffd1e6c0000 - 0x00007ffd1e6dc000 	C:\WINDOWS\SYSTEM32\dhcpcsvc.DLL
0x00007ffd194e0000 - 0x00007ffd194f6000 	C:\WINDOWS\system32\napinsp.dll
0x00007ffd194c0000 - 0x00007ffd194da000 	C:\WINDOWS\system32\pnrpnsp.dll
0x00007ffd1b110000 - 0x00007ffd1b11e000 	C:\WINDOWS\System32\winrnr.dll
0x00007ffd1c970000 - 0x00007ffd1c98c000 	C:\WINDOWS\system32\NLAapi.dll
0x00007ffd1b0f0000 - 0x00007ffd1b105000 	C:\WINDOWS\system32\wshbth.dll
0x00007ffd108e0000 - 0x00007ffd10908000 	C:\Program Files\JetBrains\IntelliJ IDEA 2018.3.5\jbr\bin\sunec.dll

dbghelp: loaded successfully - version: 4.0.5 - missing functions: none
symbol engine: initialized successfully - sym options: 0x614 - pdb path: .;C:\Program Files\JetBrains\IntelliJ IDEA 2018.3.5\jbr\bin;C:\WINDOWS\SYSTEM32;C:\WINDOWS\WinSxS\amd64_microsoft.windows.common-controls_6595b64144ccf1df_6.0.18362.1198_none_9e820b57e45ad92f;C:\Program Files\JetBrains\IntelliJ IDEA 2018.3.5\jbr\bin\server;C:\Program Files\JetBrains\IntelliJ IDEA 2018.3.5\bin

VM Arguments:
jvm_args: -XX:TieredStopAtLevel=1 -Xverify:none -Dspring.output.ansi.enabled=always -Dcom.sun.management.jmxremote -Dspring.jmx.enabled=true -Dspring.liveBeansView.mbeanDomain -Dspring.application.admin.enabled=true -javaagent:C:\Program Files\JetBrains\IntelliJ IDEA 2018.3.5\lib\idea_rt.jar=49347:C:\Program Files\JetBrains\IntelliJ IDEA 2018.3.5\bin -Dfile.encoding=UTF-8 
java_command: pl.project.QuizServerApplication
java_class_path (initial): E:\Documents\quiz_server\target\classes;E:\Documents\quiz_server\lib\spring-aspects-5.2.3.RELEASE.jar;E:\Documents\quiz_server\lib\spring-aop-5.2.3.RELEASE.jar;E:\Documents\quiz_server\lib\spring-beans-5.2.3.RELEASE.jar;E:\Documents\quiz_server\lib\spring-context-support-5.2.3.RELEASE.jar;E:\Documents\quiz_server\lib\spring-instrument-5.2.3.RELEASE.jar;E:\Documents\quiz_server\lib\spring-expression-5.2.3.RELEASE.jar;E:\Documents\quiz_server\lib\spring-core-5.2.3.RELEASE.jar;E:\Documents\quiz_server\lib\spring-context-5.2.3.RELEASE.jar;E:\Documents\quiz_server\lib\spring-jdbc-5.2.3.RELEASE.jar;E:\Documents\quiz_server\lib\spring-jms-5.2.3.RELEASE.jar;E:\Documents\quiz_server\lib\spring-orm-5.2.3.RELEASE.jar;E:\Documents\quiz_server\lib\spring-oxm-5.2.3.RELEASE.jar;E:\Documents\quiz_server\lib\commons-logging-1.2.jar;E:\Documents\quiz_server\lib\aopalliance-1.0.jar;E:\Documents\quiz_server\lib\spring-test-5.2.3.RELEASE.jar;E:\Documents\quiz_server\lib\spring-tx-5.2.3.RELEASE.jar;E:\Documents\quiz_server\lib\spring-messaging-5.2.3.RELEASE.jar;E:\Documents\quiz_server\lib\classmate-1.5.1.jar;E:\Documents\quiz_server\lib\dom4j-2.1.1.jar;E:\Documents\quiz_server\lib\antlr-2.7.7.jar;E:\Documents\quiz_server\lib\byte-buddy-1.10.7.jar;E:\Documents\quiz_server\lib\hibernate-commons-annotations-5.1.0.Final.jar;E:\Documents\quiz_server\lib\FastInfoset-1.2.15.jar;E:\Documents\quiz_server\lib\istack-commons-runtime-3.0.7.jar;E:\Documents\quiz_server\lib\hibernate-core-5.4.11.Final.jar;E:\Documents\quiz_server\lib\jandex-2.1.1.Final.jar;E:\Documents\quiz_server\lib\javax.activation-api-1.2.0.jar;E:\Documents\quiz_server\lib\javassist-3.24.0-GA.jar;E:\Documents\quiz_server\lib\jaxb-api-2.3.1.jar;E:\Documents\quiz_server\lib\javax.persistence-api-2.2.jar;E:\Documents\quiz_server\lib\jboss-logging-3.3.2.Final.jar;E:\Documents\quiz_server\lib\jboss-transaction-api_1.2_spec-1.1.1.Final.jar;E:\Documents\quiz_server\lib\stax-ex-1.8.jar;E:\Documents\quiz_serve
Launcher Type: SUN_STANDARD

[Global flags]
     bool BytecodeVerificationLocal                = false                                     {product} {command line}
     bool BytecodeVerificationRemote               = false                                     {product} {command line}
     intx CICompilerCount                          = 3                                         {product} {ergonomic}
     uint ConcGCThreads                            = 1                                         {product} {ergonomic}
     uint G1ConcRefinementThreads                  = 4                                         {product} {ergonomic}
   size_t G1HeapRegionSize                         = 1048576                                   {product} {ergonomic}
    uintx GCDrainStackTargetSize                   = 64                                        {product} {ergonomic}
   size_t InitialHeapSize                          = 268435456                                 {product} {ergonomic}
     bool ManagementServer                         = true                                      {product} {command line}
   size_t MarkStackSize                            = 4194304                                   {product} {ergonomic}
   size_t MaxHeapSize                              = 4265607168                                {product} {ergonomic}
   size_t MaxNewSize                               = 2558525440                                {product} {ergonomic}
   size_t MinHeapDeltaBytes                        = 1048576                                   {product} {ergonomic}
    uintx NonNMethodCodeHeapSize                   = 6973028                                {pd product} {ergonomic}
    uintx NonProfiledCodeHeapSize                  = 244685212                              {pd product} {ergonomic}
    uintx ProfiledCodeHeapSize                     = 0                                      {pd product} {ergonomic}
    uintx ReservedCodeCacheSize                    = 251658240                              {pd product} {ergonomic}
     bool SegmentedCodeCache                       = true                                      {product} {ergonomic}
     intx TieredStopAtLevel                        = 1                                         {product} {command line}
     bool UseCompressedClassPointers               = true                                 {lp64_product} {ergonomic}
     bool UseCompressedOops                        = true                                 {lp64_product} {ergonomic}
     bool UseG1GC                                  = true                                      {product} {ergonomic}
     bool UseLargePagesIndividualAllocation        = false                                  {pd product} {ergonomic}

Logging:
Log output configuration:
 #0: stdout all=warning uptime,level,tags
 #1: stderr all=off uptime,level,tags

Environment Variables:
JAVA_HOME=C:\Program Files\Java\jdk-14.0.1\bin
PATH=C:\Program Files\Java\jdk-14.0.1\bin;C:\Program Files (x86)\Common Files\Oracle\Java\javapath;C:\Program Files (x86)\Razer Chroma SDK\bin;C:\Program Files\Razer Chroma SDK\bin;C:\Program Files (x86)\Razer\ChromaBroadcast\bin;C:\Program Files\Razer\ChromaBroadcast\bin;C:\Program Files (x86)\Intel\Intel(R) Management Engine Components\iCLS\;C:\Program Files\Intel\Intel(R) Management Engine Components\iCLS\;E:\Program Files (x86)\Borland\CBuilder6\Bin;E:\Program Files (x86)\Borland\CBuilder6\Projects\Bpl;C:\Program Files (x86)\NVIDIA Corporation\PhysX\Common;C:\Program Files\dotnet\;C:\Program Files\NVIDIA Corporation\NVIDIA NvDLISR;C:\Program Files (x86)\Intel\Intel(R) Management Engine Components\DAL;C:\Program Files\Intel\Intel(R) Management Engine Components\DAL;C:\Program Files (x86)\Intel\Intel(R) Management Engine Components\IPT;C:\Program Files\Intel\Intel(R) Management Engine Components\IPT;C:\Program Files\Intel\WiFi\bin\;C:\Program Files\Common Files\Intel\WirelessCommon\;C:\WINDOWS\system32;C:\WINDOWS;C:\WINDOWS\System32\Wbem;C:\WINDOWS\System32\WindowsPowerShell\v1.0\;C:\WINDOWS\System32\OpenSSH\;E:\Program Files\MATLAB\R2018b\bin;C:\Program Files\nodejs\;C:\Program Files\Git\cmd;C:\WINDOWS\system32\config\systemprofile\AppData\Local\Microsoft\WindowsApps;C:\Program Files\Java\jdk-11.0.2\bin;C:\Program Files\Intel\WiFi\bin\;C:\Program Files\Common Files\Intel\WirelessCommon\;C:\Users\kwasi\AppData\Local\Microsoft\WindowsApps;C:\Java_Maven\Maven\apache-maven-3.6.0-bin\apache-maven-3.6.0\bin;C:\Program Files\JetBrains\IntelliJ IDEA 2018.3.5\bin;C:\Program Files\heroku\bin;C:\Users\kwasi\AppData\Local\Programs\Microsoft VS Code\bin;C:\Users\kwasi\AppData\Roaming\npm;C:\Program Files\Docker Toolbox
USERNAME=Kwasek
OS=Windows_NT
PROCESSOR_IDENTIFIER=Intel64 Family 6 Model 158 Stepping 9, GenuineIntel



---------------  S Y S T E M  ---------------

OS: Windows 10 , 64 bit Build 18362 (10.0.18362.1110)

CPU:total 4 (initial active 4) (4 cores per cpu, 1 threads per core) family 6 model 158 stepping 9, cmov, cx8, fxsr, mmx, sse, sse2, sse3, ssse3, sse4.1, sse4.2, popcnt, avx, avx2, aes, clmul, erms, 3dnowpref, lzcnt, tsc, tscinvbit, bmi1, bmi2, adx, fma

Memory: 4k page, system-wide physical 16269M (3473M free)
TotalPageFile size 19769M (AvailPageFile size 35M)
current process WorkingSet (physical memory assigned to process): 314M, peak: 314M
current process commit charge ("private bytes"): 422M, peak: 553M

vm_info: OpenJDK 64-Bit Server VM (11.0.6+8-b520.43) for windows-amd64 JRE (11.0.6+8-b520.43), built on Feb  3 2020 14:18:56 by "" with MS VC++ 14.0 (VS2015)

END.
