#
# There is insufficient memory for the Java Runtime Environment to continue.
# Native memory allocation (mmap) failed to map 54525952 bytes for Failed to commit area from 0x0000000711c00000 to 0x0000000715000000 of length 54525952.
# Possible reasons:
#   The system is out of physical RAM or swap space
#   The process is running with CompressedOops enabled, and the Java Heap may be blocking the growth of the native heap
# Possible solutions:
#   Reduce memory load on the system
#   Increase physical memory or swap space
#   Check if swap backing store is full
#   Decrease Java heap size (-Xmx/-Xms)
#   Decrease number of Java threads
#   Decrease Java thread stack sizes (-Xss)
#   Set larger code cache with -XX:ReservedCodeCacheSize=
#   JVM is running with Zero Based Compressed Oops mode in which the Java heap is
#     placed in the first 32GB address space. The Java Heap base address is the
#     maximum limit for the native heap growth. Please use -XX:HeapBaseMinAddress
#     to set the Java Heap base and to place the Java Heap above 32GB virtual address.
# This output file may be truncated or incomplete.
#
#  Out of Memory Error (c:/BuildAgent/work/5ff2f6c26000d570/src/hotspot/os/windows/os_windows.cpp:3296), pid=18440, tid=13776
#
# JRE version: OpenJDK Runtime Environment (11.0.6+8) (build 11.0.6+8-b520.43)
# Java VM: OpenJDK 64-Bit Server VM (11.0.6+8-b520.43, mixed mode, tiered, compressed oops, g1 gc, windows-amd64)
# No core dump will be written. Minidumps are not enabled by default on client versions of Windows
#

---------------  S U M M A R Y ------------

Command Line: -XX:TieredStopAtLevel=1 -Xverify:none -Dspring.output.ansi.enabled=always -Dcom.sun.management.jmxremote -Dspring.jmx.enabled=true -Dspring.liveBeansView.mbeanDomain -Dspring.application.admin.enabled=true -javaagent:C:\Program Files\JetBrains\IntelliJ IDEA 2018.3.5\lib\idea_rt.jar=49337:C:\Program Files\JetBrains\IntelliJ IDEA 2018.3.5\bin -Dfile.encoding=UTF-8 pl.project.QuizServerApplication

Host: Intel(R) Core(TM) i5-7300HQ CPU @ 2.50GHz, 4 cores, 15G,  Windows 10 , 64 bit Build 18362 (10.0.18362.1110)
Time: Mon Nov 16 22:41:35 2020 Central European Standard Time elapsed time: 4 seconds (0d 0h 0m 4s)

---------------  T H R E A D  ---------------

Current thread (0x000001f63b8da000):  VMThread "VM Thread" [stack: 0x000000c8f9d00000,0x000000c8f9e00000] [id=13776]

Stack: [0x000000c8f9d00000,0x000000c8f9e00000]
[error occurred during error reporting (printing stack bounds), id 0xc0000005, EXCEPTION_ACCESS_VIOLATION (0xc0000005) at pc=0x000001f61fc20dad]

Native frames: (J=compiled Java code, j=interpreted, Vv=VM code, C=native code)
V  [jvm.dll+0x5de31a]
V  [jvm.dll+0x710ae5]
V  [jvm.dll+0x712005]
V  [jvm.dll+0x712615]
V  [jvm.dll+0x7125cb]
V  [jvm.dll+0x5dd798]
V  [jvm.dll+0x5ddf08]
C  [ntdll.dll+0xa184f]
C  [ntdll.dll+0x6a889]
C  [ntdll.dll+0xa04be]
C  0x000001f61fc20dad

VM_Operation (0x000000c8f96fc770): CollectForMetadataAllocation, mode: safepoint, requested by thread 0x000001f61a370000


---------------  P R O C E S S  ---------------

Threads class SMR info:
_java_thread_list=0x000001f63ea93620, length=13, elements={
0x000001f61a370000, 0x000001f63b011000, 0x000001f63b014800, 0x000001f63b930800,
0x000001f63b932800, 0x000001f63b933800, 0x000001f63b939000, 0x000001f63b8b1000,
0x000001f63bc2e800, 0x000001f63c1bf000, 0x000001f63c33d000, 0x000001f63d44b000,
0x000001f63d418000
}

Java Threads: ( => current thread )
  0x000001f61a370000 JavaThread "main" [_thread_blocked, id=18112, stack(0x000000c8f9600000,0x000000c8f9700000)]
  0x000001f63b011000 JavaThread "Reference Handler" daemon [_thread_blocked, id=18256, stack(0x000000c8f9e00000,0x000000c8f9f00000)]
  0x000001f63b014800 JavaThread "Finalizer" daemon [_thread_blocked, id=5520, stack(0x000000c8f9f00000,0x000000c8fa000000)]
  0x000001f63b930800 JavaThread "Signal Dispatcher" daemon [_thread_blocked, id=20536, stack(0x000000c8fa000000,0x000000c8fa100000)]
  0x000001f63b932800 JavaThread "Attach Listener" daemon [_thread_blocked, id=4420, stack(0x000000c8fa100000,0x000000c8fa200000)]
  0x000001f63b933800 JavaThread "C1 CompilerThread0" daemon [_thread_blocked, id=23828, stack(0x000000c8fa200000,0x000000c8fa300000)]
  0x000001f63b939000 JavaThread "Sweeper thread" daemon [_thread_blocked, id=22300, stack(0x000000c8fa300000,0x000000c8fa400000)]
  0x000001f63b8b1000 JavaThread "Common-Cleaner" daemon [_thread_blocked, id=24376, stack(0x000000c8fa400000,0x000000c8fa500000)]
  0x000001f63bc2e800 JavaThread "Monitor Ctrl-Break" daemon [_thread_in_native, id=13860, stack(0x000000c8fa500000,0x000000c8fa600000)]
  0x000001f63c1bf000 JavaThread "Service Thread" daemon [_thread_blocked, id=18804, stack(0x000000c8fa600000,0x000000c8fa700000)]
  0x000001f63c33d000 JavaThread "RMI TCP Accept-0" daemon [_thread_in_native, id=23872, stack(0x000000c8fa700000,0x000000c8fa800000)]
  0x000001f63d44b000 JavaThread "RMI TCP Connection(1)-192.168.99.1" daemon [_thread_in_native, id=2068, stack(0x000000c8fad00000,0x000000c8fae00000)]
  0x000001f63d418000 JavaThread "RMI Scheduler(0)" daemon [_thread_blocked, id=13540, stack(0x000000c8fae00000,0x000000c8faf00000)]

Other Threads:
=>0x000001f63b8da000 VMThread "VM Thread" [stack: 0x000000c8f9d00000,0x000000c8f9e00000] [id=13776]
  0x000001f63c31c800 WatcherThread [stack: 0x000000c8fa800000,0x000000c8fa900000] [id=20532]
  0x000001f61a389800 GCTaskThread "GC Thread#0" [stack: 0x000000c8f9800000,0x000000c8f9900000] [id=23860]
  0x000001f63c319800 GCTaskThread "GC Thread#1" [stack: 0x000000c8fa900000,0x000000c8faa00000] [id=12616]
  0x000001f63c32a000 GCTaskThread "GC Thread#2" [stack: 0x000000c8faa00000,0x000000c8fab00000] [id=19668]
  0x000001f63c38b800 GCTaskThread "GC Thread#3" [stack: 0x000000c8fab00000,0x000000c8fac00000] [id=7656]
  0x000001f61a3e6800 ConcurrentGCThread "G1 Main Marker" [stack: 0x000000c8f9900000,0x000000c8f9a00000] [id=21984]
  0x000001f61a3e8000 ConcurrentGCThread "G1 Conc#0" [stack: 0x000000c8f9a00000,0x000000c8f9b00000] [id=19960]
  0x000001f63aefe000 ConcurrentGCThread "G1 Refine#0" [stack: 0x000000c8f9b00000,0x000000c8f9c00000] [id=22808]
  0x000001f63bb59800 ConcurrentGCThread "G1 Refine#1" [stack: 0x000000c8fac00000,0x000000c8fad00000] [id=9780]
  0x000001f63aeff000 ConcurrentGCThread "G1 Young RemSet Sampling" [stack: 0x000000c8f9c00000,0x000000c8f9d00000] [id=17204]

Threads with active compile tasks:

VM state:at safepoint (normal execution)

VM Mutex/Monitor currently owned by a thread:  ([mutex/lock_event])
[0x000001f61a36d450] Threads_lock - owner thread: 0x000001f63b8da000
[0x000001f61a36c130] Heap_lock - owner thread: 0x000001f61a370000

Heap address: 0x0000000701c00000, size: 4068 MB, Compressed Oops mode: Zero based, Oop shift amount: 3
Narrow klass base: 0x0000000800000000, Narrow klass shift: 0
Compressed class space size: 1073741824 Address: 0x0000000800000000

Heap:
 garbage-first heap   total 315392K, used 20358K [0x0000000701c00000, 0x0000000800000000)
  region size 1024K, 11 young (11264K), 11 survivors (11264K)
 Metaspace       used 34382K, capacity 35571K, committed 35708K, reserved 1081344K
  class space    used 4405K, capacity 4864K, committed 4864K, reserved 1048576K
Heap Regions: E=young(eden), S=young(survivor), O=old, HS=humongous(starts), HC=humongous(continues), CS=collection set, F=free, A=archive, TAMS=top-at-mark-start (previous, next)
|   0|0x0000000701c00000, 0x0000000701d00000, 0x0000000701d00000|100%|HS|  |TAMS 0x0000000701d00000, 0x0000000701d00000| Complete 
|   1|0x0000000701d00000, 0x0000000701e00000, 0x0000000701e00000|100%|HS|  |TAMS 0x0000000701e00000, 0x0000000701e00000| Complete 
|   2|0x0000000701e00000, 0x0000000701f00000, 0x0000000701f00000|100%| O|  |TAMS 0x0000000701f00000, 0x0000000701f00000| Untracked 
|   3|0x0000000701f00000, 0x0000000702000000, 0x0000000702000000|100%| O|  |TAMS 0x0000000702000000, 0x0000000702000000| Untracked 
|   4|0x0000000702000000, 0x0000000702100000, 0x0000000702100000|100%| O|  |TAMS 0x0000000702100000, 0x0000000702100000| Untracked 
|   5|0x0000000702100000, 0x0000000702200000, 0x0000000702200000|100%| O|  |TAMS 0x0000000702200000, 0x0000000702200000| Untracked 
|   6|0x0000000702200000, 0x0000000702300000, 0x0000000702300000|100%| O|  |TAMS 0x0000000702300000, 0x0000000702300000| Untracked 
|   7|0x0000000702300000, 0x0000000702400000, 0x0000000702400000|100%| O|  |TAMS 0x0000000702400000, 0x0000000702400000| Untracked 
|   8|0x0000000702400000, 0x0000000702500000, 0x0000000702500000|100%| O|  |TAMS 0x0000000702500000, 0x0000000702500000| Untracked 
|   9|0x0000000702500000, 0x0000000702510c00, 0x0000000702600000|  6%| O|  |TAMS 0x0000000702510c00, 0x0000000702510c00| Untracked 
|  10|0x0000000702600000, 0x0000000702600000, 0x0000000702700000|  0%| F|  |TAMS 0x0000000702600000, 0x0000000702600000| Untracked 
|  11|0x0000000702700000, 0x0000000702700000, 0x0000000702800000|  0%| F|  |TAMS 0x0000000702700000, 0x0000000702700000| Untracked 
|  12|0x0000000702800000, 0x0000000702800000, 0x0000000702900000|  0%| F|  |TAMS 0x0000000702800000, 0x0000000702800000| Untracked 
|  13|0x0000000702900000, 0x0000000702900000, 0x0000000702a00000|  0%| F|  |TAMS 0x0000000702900000, 0x0000000702900000| Untracked 
|  14|0x0000000702a00000, 0x0000000702a00000, 0x0000000702b00000|  0%| F|  |TAMS 0x0000000702a00000, 0x0000000702a00000| Untracked 
|  15|0x0000000702b00000, 0x0000000702b00000, 0x0000000702c00000|  0%| F|  |TAMS 0x0000000702b00000, 0x0000000702b00000| Untracked 
|  16|0x0000000702c00000, 0x0000000702c00000, 0x0000000702d00000|  0%| F|  |TAMS 0x0000000702c00000, 0x0000000702c00000| Untracked 
|  17|0x0000000702d00000, 0x0000000702d00000, 0x0000000702e00000|  0%| F|  |TAMS 0x0000000702d00000, 0x0000000702d00000| Untracked 
|  18|0x0000000702e00000, 0x0000000702e00000, 0x0000000702f00000|  0%| F|  |TAMS 0x0000000702e00000, 0x0000000702e00000| Untracked 
|  19|0x0000000702f00000, 0x0000000702f00000, 0x0000000703000000|  0%| F|  |TAMS 0x0000000702f00000, 0x0000000702f00000| Untracked 
|  20|0x0000000703000000, 0x0000000703000000, 0x0000000703100000|  0%| F|  |TAMS 0x0000000703000000, 0x0000000703000000| Untracked 
|  21|0x0000000703100000, 0x0000000703100000, 0x0000000703200000|  0%| F|  |TAMS 0x0000000703100000, 0x0000000703100000| Untracked 
|  22|0x0000000703200000, 0x0000000703200000, 0x0000000703300000|  0%| F|  |TAMS 0x0000000703200000, 0x0000000703200000| Untracked 
|  23|0x0000000703300000, 0x0000000703300000, 0x0000000703400000|  0%| F|  |TAMS 0x0000000703300000, 0x0000000703300000| Untracked 
|  24|0x0000000703400000, 0x0000000703400000, 0x0000000703500000|  0%| F|  |TAMS 0x0000000703400000, 0x0000000703400000| Untracked 
|  25|0x0000000703500000, 0x0000000703500000, 0x0000000703600000|  0%| F|  |TAMS 0x0000000703500000, 0x0000000703500000| Untracked 
|  26|0x0000000703600000, 0x0000000703600000, 0x0000000703700000|  0%| F|  |TAMS 0x0000000703600000, 0x0000000703600000| Untracked 
|  27|0x0000000703700000, 0x0000000703700000, 0x0000000703800000|  0%| F|  |TAMS 0x0000000703700000, 0x0000000703700000| Untracked 
|  28|0x0000000703800000, 0x0000000703800000, 0x0000000703900000|  0%| F|  |TAMS 0x0000000703800000, 0x0000000703800000| Untracked 
|  29|0x0000000703900000, 0x0000000703900000, 0x0000000703a00000|  0%| F|  |TAMS 0x0000000703900000, 0x0000000703900000| Untracked 
|  30|0x0000000703a00000, 0x0000000703a00000, 0x0000000703b00000|  0%| F|  |TAMS 0x0000000703a00000, 0x0000000703a00000| Untracked 
|  31|0x0000000703b00000, 0x0000000703b00000, 0x0000000703c00000|  0%| F|  |TAMS 0x0000000703b00000, 0x0000000703b00000| Untracked 
|  32|0x0000000703c00000, 0x0000000703c00000, 0x0000000703d00000|  0%| F|  |TAMS 0x0000000703c00000, 0x0000000703c00000| Untracked 
|  33|0x0000000703d00000, 0x0000000703d00000, 0x0000000703e00000|  0%| F|  |TAMS 0x0000000703d00000, 0x0000000703d00000| Untracked 
|  34|0x0000000703e00000, 0x0000000703e00000, 0x0000000703f00000|  0%| F|  |TAMS 0x0000000703e00000, 0x0000000703e00000| Untracked 
|  35|0x0000000703f00000, 0x0000000703f00000, 0x0000000704000000|  0%| F|  |TAMS 0x0000000703f00000, 0x0000000703f00000| Untracked 
|  36|0x0000000704000000, 0x0000000704000000, 0x0000000704100000|  0%| F|  |TAMS 0x0000000704000000, 0x0000000704000000| Untracked 
|  37|0x0000000704100000, 0x0000000704100000, 0x0000000704200000|  0%| F|  |TAMS 0x0000000704100000, 0x0000000704100000| Untracked 
|  38|0x0000000704200000, 0x0000000704200000, 0x0000000704300000|  0%| F|  |TAMS 0x0000000704200000, 0x0000000704200000| Untracked 
|  39|0x0000000704300000, 0x0000000704300000, 0x0000000704400000|  0%| F|  |TAMS 0x0000000704300000, 0x0000000704300000| Untracked 
|  40|0x0000000704400000, 0x0000000704400000, 0x0000000704500000|  0%| F|  |TAMS 0x0000000704400000, 0x0000000704400000| Untracked 
|  41|0x0000000704500000, 0x0000000704500000, 0x0000000704600000|  0%| F|  |TAMS 0x0000000704500000, 0x0000000704500000| Untracked 
|  42|0x0000000704600000, 0x0000000704600000, 0x0000000704700000|  0%| F|  |TAMS 0x0000000704600000, 0x0000000704600000| Untracked 
|  43|0x0000000704700000, 0x0000000704700000, 0x0000000704800000|  0%| F|  |TAMS 0x0000000704700000, 0x0000000704700000| Untracked 
|  44|0x0000000704800000, 0x0000000704800000, 0x0000000704900000|  0%| F|  |TAMS 0x0000000704800000, 0x0000000704800000| Untracked 
|  45|0x0000000704900000, 0x0000000704900000, 0x0000000704a00000|  0%| F|  |TAMS 0x0000000704900000, 0x0000000704900000| Untracked 
|  46|0x0000000704a00000, 0x0000000704a00000, 0x0000000704b00000|  0%| F|  |TAMS 0x0000000704a00000, 0x0000000704a00000| Untracked 
|  47|0x0000000704b00000, 0x0000000704b00000, 0x0000000704c00000|  0%| F|  |TAMS 0x0000000704b00000, 0x0000000704b00000| Untracked 
|  48|0x0000000704c00000, 0x0000000704c00000, 0x0000000704d00000|  0%| F|  |TAMS 0x0000000704c00000, 0x0000000704c00000| Untracked 
|  49|0x0000000704d00000, 0x0000000704d00000, 0x0000000704e00000|  0%| F|  |TAMS 0x0000000704d00000, 0x0000000704d00000| Untracked 
|  50|0x0000000704e00000, 0x0000000704e00000, 0x0000000704f00000|  0%| F|  |TAMS 0x0000000704e00000, 0x0000000704e00000| Untracked 
|  51|0x0000000704f00000, 0x0000000704f00000, 0x0000000705000000|  0%| F|  |TAMS 0x0000000704f00000, 0x0000000704f00000| Untracked 
|  52|0x0000000705000000, 0x0000000705000000, 0x0000000705100000|  0%| F|  |TAMS 0x0000000705000000, 0x0000000705000000| Untracked 
|  53|0x0000000705100000, 0x0000000705100000, 0x0000000705200000|  0%| F|  |TAMS 0x0000000705100000, 0x0000000705100000| Untracked 
|  54|0x0000000705200000, 0x0000000705200000, 0x0000000705300000|  0%| F|  |TAMS 0x0000000705200000, 0x0000000705200000| Untracked 
|  55|0x0000000705300000, 0x0000000705300000, 0x0000000705400000|  0%| F|  |TAMS 0x0000000705300000, 0x0000000705300000| Untracked 
|  56|0x0000000705400000, 0x0000000705400000, 0x0000000705500000|  0%| F|  |TAMS 0x0000000705400000, 0x0000000705400000| Untracked 
|  57|0x0000000705500000, 0x0000000705500000, 0x0000000705600000|  0%| F|  |TAMS 0x0000000705500000, 0x0000000705500000| Untracked 
|  58|0x0000000705600000, 0x0000000705600000, 0x0000000705700000|  0%| F|  |TAMS 0x0000000705600000, 0x0000000705600000| Untracked 
|  59|0x0000000705700000, 0x0000000705700000, 0x0000000705800000|  0%| F|  |TAMS 0x0000000705700000, 0x0000000705700000| Untracked 
|  60|0x0000000705800000, 0x0000000705800000, 0x0000000705900000|  0%| F|  |TAMS 0x0000000705800000, 0x0000000705800000| Untracked 
|  61|0x0000000705900000, 0x0000000705900000, 0x0000000705a00000|  0%| F|  |TAMS 0x0000000705900000, 0x0000000705900000| Untracked 
|  62|0x0000000705a00000, 0x0000000705a00000, 0x0000000705b00000|  0%| F|  |TAMS 0x0000000705a00000, 0x0000000705a00000| Untracked 
|  63|0x0000000705b00000, 0x0000000705b00000, 0x0000000705c00000|  0%| F|  |TAMS 0x0000000705b00000, 0x0000000705b00000| Untracked 
|  64|0x0000000705c00000, 0x0000000705c00000, 0x0000000705d00000|  0%| F|  |TAMS 0x0000000705c00000, 0x0000000705c00000| Untracked 
|  65|0x0000000705d00000, 0x0000000705d00000, 0x0000000705e00000|  0%| F|  |TAMS 0x0000000705d00000, 0x0000000705d00000| Untracked 
|  66|0x0000000705e00000, 0x0000000705e00000, 0x0000000705f00000|  0%| F|  |TAMS 0x0000000705e00000, 0x0000000705e00000| Untracked 
|  67|0x0000000705f00000, 0x0000000705f00000, 0x0000000706000000|  0%| F|  |TAMS 0x0000000705f00000, 0x0000000705f00000| Untracked 
|  68|0x0000000706000000, 0x0000000706000000, 0x0000000706100000|  0%| F|  |TAMS 0x0000000706000000, 0x0000000706000000| Untracked 
|  69|0x0000000706100000, 0x0000000706100000, 0x0000000706200000|  0%| F|  |TAMS 0x0000000706100000, 0x0000000706100000| Untracked 
|  70|0x0000000706200000, 0x0000000706200000, 0x0000000706300000|  0%| F|  |TAMS 0x0000000706200000, 0x0000000706200000| Untracked 
|  71|0x0000000706300000, 0x0000000706300000, 0x0000000706400000|  0%| F|  |TAMS 0x0000000706300000, 0x0000000706300000| Untracked 
|  72|0x0000000706400000, 0x0000000706400000, 0x0000000706500000|  0%| F|  |TAMS 0x0000000706400000, 0x0000000706400000| Untracked 
|  73|0x0000000706500000, 0x0000000706500000, 0x0000000706600000|  0%| F|  |TAMS 0x0000000706500000, 0x0000000706500000| Untracked 
|  74|0x0000000706600000, 0x0000000706600000, 0x0000000706700000|  0%| F|  |TAMS 0x0000000706600000, 0x0000000706600000| Untracked 
|  75|0x0000000706700000, 0x0000000706700000, 0x0000000706800000|  0%| F|  |TAMS 0x0000000706700000, 0x0000000706700000| Untracked 
|  76|0x0000000706800000, 0x0000000706800000, 0x0000000706900000|  0%| F|  |TAMS 0x0000000706800000, 0x0000000706800000| Untracked 
|  77|0x0000000706900000, 0x0000000706900000, 0x0000000706a00000|  0%| F|  |TAMS 0x0000000706900000, 0x0000000706900000| Untracked 
|  78|0x0000000706a00000, 0x0000000706a00000, 0x0000000706b00000|  0%| F|  |TAMS 0x0000000706a00000, 0x0000000706a00000| Untracked 
|  79|0x0000000706b00000, 0x0000000706b00000, 0x0000000706c00000|  0%| F|  |TAMS 0x0000000706b00000, 0x0000000706b00000| Untracked 
|  80|0x0000000706c00000, 0x0000000706c00000, 0x0000000706d00000|  0%| F|  |TAMS 0x0000000706c00000, 0x0000000706c00000| Untracked 
|  81|0x0000000706d00000, 0x0000000706d00000, 0x0000000706e00000|  0%| F|  |TAMS 0x0000000706d00000, 0x0000000706d00000| Untracked 
|  82|0x0000000706e00000, 0x0000000706e00000, 0x0000000706f00000|  0%| F|  |TAMS 0x0000000706e00000, 0x0000000706e00000| Untracked 
|  83|0x0000000706f00000, 0x0000000706f00000, 0x0000000707000000|  0%| F|  |TAMS 0x0000000706f00000, 0x0000000706f00000| Untracked 
|  84|0x0000000707000000, 0x0000000707000000, 0x0000000707100000|  0%| F|  |TAMS 0x0000000707000000, 0x0000000707000000| Untracked 
|  85|0x0000000707100000, 0x0000000707100000, 0x0000000707200000|  0%| F|  |TAMS 0x0000000707100000, 0x0000000707100000| Untracked 
|  86|0x0000000707200000, 0x0000000707200000, 0x0000000707300000|  0%| F|  |TAMS 0x0000000707200000, 0x0000000707200000| Untracked 
|  87|0x0000000707300000, 0x0000000707300000, 0x0000000707400000|  0%| F|  |TAMS 0x0000000707300000, 0x0000000707300000| Untracked 
|  88|0x0000000707400000, 0x0000000707400000, 0x0000000707500000|  0%| F|  |TAMS 0x0000000707400000, 0x0000000707400000| Untracked 
|  89|0x0000000707500000, 0x0000000707500000, 0x0000000707600000|  0%| F|  |TAMS 0x0000000707500000, 0x0000000707500000| Untracked 
|  90|0x0000000707600000, 0x0000000707600000, 0x0000000707700000|  0%| F|  |TAMS 0x0000000707600000, 0x0000000707600000| Untracked 
|  91|0x0000000707700000, 0x0000000707700000, 0x0000000707800000|  0%| F|  |TAMS 0x0000000707700000, 0x0000000707700000| Untracked 
|  92|0x0000000707800000, 0x0000000707800000, 0x0000000707900000|  0%| F|  |TAMS 0x0000000707800000, 0x0000000707800000| Untracked 
|  93|0x0000000707900000, 0x0000000707900000, 0x0000000707a00000|  0%| F|  |TAMS 0x0000000707900000, 0x0000000707900000| Untracked 
|  94|0x0000000707a00000, 0x0000000707a00000, 0x0000000707b00000|  0%| F|  |TAMS 0x0000000707a00000, 0x0000000707a00000| Untracked 
|  95|0x0000000707b00000, 0x0000000707b00000, 0x0000000707c00000|  0%| F|  |TAMS 0x0000000707b00000, 0x0000000707b00000| Untracked 
|  96|0x0000000707c00000, 0x0000000707c00000, 0x0000000707d00000|  0%| F|  |TAMS 0x0000000707c00000, 0x0000000707c00000| Untracked 
|  97|0x0000000707d00000, 0x0000000707d00000, 0x0000000707e00000|  0%| F|  |TAMS 0x0000000707d00000, 0x0000000707d00000| Untracked 
|  98|0x0000000707e00000, 0x0000000707e00000, 0x0000000707f00000|  0%| F|  |TAMS 0x0000000707e00000, 0x0000000707e00000| Untracked 
|  99|0x0000000707f00000, 0x0000000707f00000, 0x0000000708000000|  0%| F|  |TAMS 0x0000000707f00000, 0x0000000707f00000| Untracked 
| 100|0x0000000708000000, 0x0000000708000000, 0x0000000708100000|  0%| F|  |TAMS 0x0000000708000000, 0x0000000708000000| Untracked 
| 101|0x0000000708100000, 0x0000000708100000, 0x0000000708200000|  0%| F|  |TAMS 0x0000000708100000, 0x0000000708100000| Untracked 
| 102|0x0000000708200000, 0x0000000708200000, 0x0000000708300000|  0%| F|  |TAMS 0x0000000708200000, 0x0000000708200000| Untracked 
| 103|0x0000000708300000, 0x0000000708300000, 0x0000000708400000|  0%| F|  |TAMS 0x0000000708300000, 0x0000000708300000| Untracked 
| 104|0x0000000708400000, 0x0000000708400000, 0x0000000708500000|  0%| F|  |TAMS 0x0000000708400000, 0x0000000708400000| Untracked 
| 105|0x0000000708500000, 0x0000000708500000, 0x0000000708600000|  0%| F|  |TAMS 0x0000000708500000, 0x0000000708500000| Untracked 
| 106|0x0000000708600000, 0x0000000708600000, 0x0000000708700000|  0%| F|  |TAMS 0x0000000708600000, 0x0000000708600000| Untracked 
| 107|0x0000000708700000, 0x0000000708700000, 0x0000000708800000|  0%| F|  |TAMS 0x0000000708700000, 0x0000000708700000| Untracked 
| 108|0x0000000708800000, 0x0000000708800000, 0x0000000708900000|  0%| F|  |TAMS 0x0000000708800000, 0x0000000708800000| Untracked 
| 109|0x0000000708900000, 0x0000000708900000, 0x0000000708a00000|  0%| F|  |TAMS 0x0000000708900000, 0x0000000708900000| Untracked 
| 110|0x0000000708a00000, 0x0000000708a00000, 0x0000000708b00000|  0%| F|  |TAMS 0x0000000708a00000, 0x0000000708a00000| Untracked 
| 111|0x0000000708b00000, 0x0000000708b00000, 0x0000000708c00000|  0%| F|  |TAMS 0x0000000708b00000, 0x0000000708b00000| Untracked 
| 112|0x0000000708c00000, 0x0000000708c00000, 0x0000000708d00000|  0%| F|  |TAMS 0x0000000708c00000, 0x0000000708c00000| Untracked 
| 113|0x0000000708d00000, 0x0000000708d00000, 0x0000000708e00000|  0%| F|  |TAMS 0x0000000708d00000, 0x0000000708d00000| Untracked 
| 114|0x0000000708e00000, 0x0000000708e00000, 0x0000000708f00000|  0%| F|  |TAMS 0x0000000708e00000, 0x0000000708e00000| Untracked 
| 115|0x0000000708f00000, 0x0000000708f00000, 0x0000000709000000|  0%| F|  |TAMS 0x0000000708f00000, 0x0000000708f00000| Untracked 
| 116|0x0000000709000000, 0x0000000709000000, 0x0000000709100000|  0%| F|  |TAMS 0x0000000709000000, 0x0000000709000000| Untracked 
| 117|0x0000000709100000, 0x0000000709100000, 0x0000000709200000|  0%| F|  |TAMS 0x0000000709100000, 0x0000000709100000| Untracked 
| 118|0x0000000709200000, 0x0000000709200000, 0x0000000709300000|  0%| F|  |TAMS 0x0000000709200000, 0x0000000709200000| Untracked 
| 119|0x0000000709300000, 0x0000000709300000, 0x0000000709400000|  0%| F|  |TAMS 0x0000000709300000, 0x0000000709300000| Untracked 
| 120|0x0000000709400000, 0x0000000709400000, 0x0000000709500000|  0%| F|  |TAMS 0x0000000709400000, 0x0000000709400000| Untracked 
| 121|0x0000000709500000, 0x0000000709500000, 0x0000000709600000|  0%| F|  |TAMS 0x0000000709500000, 0x0000000709500000| Untracked 
| 122|0x0000000709600000, 0x0000000709600000, 0x0000000709700000|  0%| F|  |TAMS 0x0000000709600000, 0x0000000709600000| Untracked 
| 123|0x0000000709700000, 0x0000000709700000, 0x0000000709800000|  0%| F|  |TAMS 0x0000000709700000, 0x0000000709700000| Untracked 
| 124|0x0000000709800000, 0x0000000709800000, 0x0000000709900000|  0%| F|  |TAMS 0x0000000709800000, 0x0000000709800000| Untracked 
| 125|0x0000000709900000, 0x0000000709900000, 0x0000000709a00000|  0%| F|  |TAMS 0x0000000709900000, 0x0000000709900000| Untracked 
| 126|0x0000000709a00000, 0x0000000709a00000, 0x0000000709b00000|  0%| F|  |TAMS 0x0000000709a00000, 0x0000000709a00000| Untracked 
| 127|0x0000000709b00000, 0x0000000709b00000, 0x0000000709c00000|  0%| F|  |TAMS 0x0000000709b00000, 0x0000000709b00000| Untracked 
| 128|0x0000000709c00000, 0x0000000709c00000, 0x0000000709d00000|  0%| F|  |TAMS 0x0000000709c00000, 0x0000000709c00000| Untracked 
| 129|0x0000000709d00000, 0x0000000709d00000, 0x0000000709e00000|  0%| F|  |TAMS 0x0000000709d00000, 0x0000000709d00000| Untracked 
| 130|0x0000000709e00000, 0x0000000709e00000, 0x0000000709f00000|  0%| F|  |TAMS 0x0000000709e00000, 0x0000000709e00000| Untracked 
| 131|0x0000000709f00000, 0x0000000709f00000, 0x000000070a000000|  0%| F|  |TAMS 0x0000000709f00000, 0x0000000709f00000| Untracked 
| 132|0x000000070a000000, 0x000000070a000000, 0x000000070a100000|  0%| F|  |TAMS 0x000000070a000000, 0x000000070a000000| Untracked 
| 133|0x000000070a100000, 0x000000070a100000, 0x000000070a200000|  0%| F|  |TAMS 0x000000070a100000, 0x000000070a100000| Untracked 
| 134|0x000000070a200000, 0x000000070a200000, 0x000000070a300000|  0%| F|  |TAMS 0x000000070a200000, 0x000000070a200000| Untracked 
| 135|0x000000070a300000, 0x000000070a300000, 0x000000070a400000|  0%| F|  |TAMS 0x000000070a300000, 0x000000070a300000| Untracked 
| 136|0x000000070a400000, 0x000000070a400000, 0x000000070a500000|  0%| F|  |TAMS 0x000000070a400000, 0x000000070a400000| Untracked 
| 137|0x000000070a500000, 0x000000070a500000, 0x000000070a600000|  0%| F|  |TAMS 0x000000070a500000, 0x000000070a500000| Untracked 
| 138|0x000000070a600000, 0x000000070a600000, 0x000000070a700000|  0%| F|  |TAMS 0x000000070a600000, 0x000000070a600000| Untracked 
| 139|0x000000070a700000, 0x000000070a700000, 0x000000070a800000|  0%| F|  |TAMS 0x000000070a700000, 0x000000070a700000| Untracked 
| 140|0x000000070a800000, 0x000000070a800000, 0x000000070a900000|  0%| F|  |TAMS 0x000000070a800000, 0x000000070a800000| Untracked 
| 141|0x000000070a900000, 0x000000070a900000, 0x000000070aa00000|  0%| F|  |TAMS 0x000000070a900000, 0x000000070a900000| Untracked 
| 142|0x000000070aa00000, 0x000000070aa00000, 0x000000070ab00000|  0%| F|  |TAMS 0x000000070aa00000, 0x000000070aa00000| Untracked 
| 143|0x000000070ab00000, 0x000000070ab00000, 0x000000070ac00000|  0%| F|  |TAMS 0x000000070ab00000, 0x000000070ab00000| Untracked 
| 144|0x000000070ac00000, 0x000000070ac00000, 0x000000070ad00000|  0%| F|  |TAMS 0x000000070ac00000, 0x000000070ac00000| Untracked 
| 145|0x000000070ad00000, 0x000000070ad00000, 0x000000070ae00000|  0%| F|  |TAMS 0x000000070ad00000, 0x000000070ad00000| Untracked 
| 146|0x000000070ae00000, 0x000000070ae00000, 0x000000070af00000|  0%| F|  |TAMS 0x000000070ae00000, 0x000000070ae00000| Untracked 
| 147|0x000000070af00000, 0x000000070af00000, 0x000000070b000000|  0%| F|  |TAMS 0x000000070af00000, 0x000000070af00000| Untracked 
| 148|0x000000070b000000, 0x000000070b000000, 0x000000070b100000|  0%| F|  |TAMS 0x000000070b000000, 0x000000070b000000| Untracked 
| 149|0x000000070b100000, 0x000000070b100000, 0x000000070b200000|  0%| F|  |TAMS 0x000000070b100000, 0x000000070b100000| Untracked 
| 150|0x000000070b200000, 0x000000070b200000, 0x000000070b300000|  0%| F|  |TAMS 0x000000070b200000, 0x000000070b200000| Untracked 
| 151|0x000000070b300000, 0x000000070b300000, 0x000000070b400000|  0%| F|  |TAMS 0x000000070b300000, 0x000000070b300000| Untracked 
| 152|0x000000070b400000, 0x000000070b400000, 0x000000070b500000|  0%| F|  |TAMS 0x000000070b400000, 0x000000070b400000| Untracked 
| 153|0x000000070b500000, 0x000000070b500000, 0x000000070b600000|  0%| F|  |TAMS 0x000000070b500000, 0x000000070b500000| Untracked 
| 154|0x000000070b600000, 0x000000070b600000, 0x000000070b700000|  0%| F|  |TAMS 0x000000070b600000, 0x000000070b600000| Untracked 
| 155|0x000000070b700000, 0x000000070b700000, 0x000000070b800000|  0%| F|  |TAMS 0x000000070b700000, 0x000000070b700000| Untracked 
| 156|0x000000070b800000, 0x000000070b800000, 0x000000070b900000|  0%| F|  |TAMS 0x000000070b800000, 0x000000070b800000| Untracked 
| 157|0x000000070b900000, 0x000000070b900000, 0x000000070ba00000|  0%| F|  |TAMS 0x000000070b900000, 0x000000070b900000| Untracked 
| 158|0x000000070ba00000, 0x000000070ba00000, 0x000000070bb00000|  0%| F|  |TAMS 0x000000070ba00000, 0x000000070ba00000| Untracked 
| 159|0x000000070bb00000, 0x000000070bb00000, 0x000000070bc00000|  0%| F|  |TAMS 0x000000070bb00000, 0x000000070bb00000| Untracked 
| 160|0x000000070bc00000, 0x000000070bc00000, 0x000000070bd00000|  0%| F|  |TAMS 0x000000070bc00000, 0x000000070bc00000| Untracked 
| 161|0x000000070bd00000, 0x000000070bd00000, 0x000000070be00000|  0%| F|  |TAMS 0x000000070bd00000, 0x000000070bd00000| Untracked 
| 162|0x000000070be00000, 0x000000070be00000, 0x000000070bf00000|  0%| F|  |TAMS 0x000000070be00000, 0x000000070be00000| Untracked 
| 163|0x000000070bf00000, 0x000000070bf00000, 0x000000070c000000|  0%| F|  |TAMS 0x000000070bf00000, 0x000000070bf00000| Untracked 
| 164|0x000000070c000000, 0x000000070c000000, 0x000000070c100000|  0%| F|  |TAMS 0x000000070c000000, 0x000000070c000000| Untracked 
| 165|0x000000070c100000, 0x000000070c100000, 0x000000070c200000|  0%| F|  |TAMS 0x000000070c100000, 0x000000070c100000| Untracked 
| 166|0x000000070c200000, 0x000000070c200000, 0x000000070c300000|  0%| F|  |TAMS 0x000000070c200000, 0x000000070c200000| Untracked 
| 167|0x000000070c300000, 0x000000070c300000, 0x000000070c400000|  0%| F|  |TAMS 0x000000070c300000, 0x000000070c300000| Untracked 
| 168|0x000000070c400000, 0x000000070c400000, 0x000000070c500000|  0%| F|  |TAMS 0x000000070c400000, 0x000000070c400000| Untracked 
| 169|0x000000070c500000, 0x000000070c500000, 0x000000070c600000|  0%| F|  |TAMS 0x000000070c500000, 0x000000070c500000| Untracked 
| 170|0x000000070c600000, 0x000000070c600000, 0x000000070c700000|  0%| F|  |TAMS 0x000000070c600000, 0x000000070c600000| Untracked 
| 171|0x000000070c700000, 0x000000070c700000, 0x000000070c800000|  0%| F|  |TAMS 0x000000070c700000, 0x000000070c700000| Untracked 
| 172|0x000000070c800000, 0x000000070c800000, 0x000000070c900000|  0%| F|  |TAMS 0x000000070c800000, 0x000000070c800000| Untracked 
| 173|0x000000070c900000, 0x000000070c900000, 0x000000070ca00000|  0%| F|  |TAMS 0x000000070c900000, 0x000000070c900000| Untracked 
| 174|0x000000070ca00000, 0x000000070ca00000, 0x000000070cb00000|  0%| F|  |TAMS 0x000000070ca00000, 0x000000070ca00000| Untracked 
| 175|0x000000070cb00000, 0x000000070cb00000, 0x000000070cc00000|  0%| F|  |TAMS 0x000000070cb00000, 0x000000070cb00000| Untracked 
| 176|0x000000070cc00000, 0x000000070cc00000, 0x000000070cd00000|  0%| F|  |TAMS 0x000000070cc00000, 0x000000070cc00000| Untracked 
| 177|0x000000070cd00000, 0x000000070cd00000, 0x000000070ce00000|  0%| F|  |TAMS 0x000000070cd00000, 0x000000070cd00000| Untracked 
| 178|0x000000070ce00000, 0x000000070ce00000, 0x000000070cf00000|  0%| F|  |TAMS 0x000000070ce00000, 0x000000070ce00000| Untracked 
| 179|0x000000070cf00000, 0x000000070cf00000, 0x000000070d000000|  0%| F|  |TAMS 0x000000070cf00000, 0x000000070cf00000| Untracked 
| 180|0x000000070d000000, 0x000000070d000000, 0x000000070d100000|  0%| F|  |TAMS 0x000000070d000000, 0x000000070d000000| Untracked 
| 181|0x000000070d100000, 0x000000070d100000, 0x000000070d200000|  0%| F|  |TAMS 0x000000070d100000, 0x000000070d100000| Untracked 
| 182|0x000000070d200000, 0x000000070d200000, 0x000000070d300000|  0%| F|  |TAMS 0x000000070d200000, 0x000000070d200000| Untracked 
| 183|0x000000070d300000, 0x000000070d300000, 0x000000070d400000|  0%| F|  |TAMS 0x000000070d300000, 0x000000070d300000| Untracked 
| 184|0x000000070d400000, 0x000000070d400000, 0x000000070d500000|  0%| F|  |TAMS 0x000000070d400000, 0x000000070d400000| Untracked 
| 185|0x000000070d500000, 0x000000070d500000, 0x000000070d600000|  0%| F|  |TAMS 0x000000070d500000, 0x000000070d500000| Untracked 
| 186|0x000000070d600000, 0x000000070d600000, 0x000000070d700000|  0%| F|  |TAMS 0x000000070d600000, 0x000000070d600000| Untracked 
| 187|0x000000070d700000, 0x000000070d700000, 0x000000070d800000|  0%| F|  |TAMS 0x000000070d700000, 0x000000070d700000| Untracked 
| 188|0x000000070d800000, 0x000000070d800000, 0x000000070d900000|  0%| F|  |TAMS 0x000000070d800000, 0x000000070d800000| Untracked 
| 189|0x000000070d900000, 0x000000070d900000, 0x000000070da00000|  0%| F|  |TAMS 0x000000070d900000, 0x000000070d900000| Untracked 
| 190|0x000000070da00000, 0x000000070da00000, 0x000000070db00000|  0%| F|  |TAMS 0x000000070da00000, 0x000000070da00000| Untracked 
| 191|0x000000070db00000, 0x000000070db00000, 0x000000070dc00000|  0%| F|  |TAMS 0x000000070db00000, 0x000000070db00000| Untracked 
| 192|0x000000070dc00000, 0x000000070dc00000, 0x000000070dd00000|  0%| F|  |TAMS 0x000000070dc00000, 0x000000070dc00000| Untracked 
| 193|0x000000070dd00000, 0x000000070dd00000, 0x000000070de00000|  0%| F|  |TAMS 0x000000070dd00000, 0x000000070dd00000| Untracked 
| 194|0x000000070de00000, 0x000000070de00000, 0x000000070df00000|  0%| F|  |TAMS 0x000000070de00000, 0x000000070de00000| Untracked 
| 195|0x000000070df00000, 0x000000070df00000, 0x000000070e000000|  0%| F|  |TAMS 0x000000070df00000, 0x000000070df00000| Untracked 
| 196|0x000000070e000000, 0x000000070e000000, 0x000000070e100000|  0%| F|  |TAMS 0x000000070e000000, 0x000000070e000000| Untracked 
| 197|0x000000070e100000, 0x000000070e100000, 0x000000070e200000|  0%| F|  |TAMS 0x000000070e100000, 0x000000070e100000| Untracked 
| 198|0x000000070e200000, 0x000000070e200000, 0x000000070e300000|  0%| F|  |TAMS 0x000000070e200000, 0x000000070e200000| Untracked 
| 199|0x000000070e300000, 0x000000070e300000, 0x000000070e400000|  0%| F|  |TAMS 0x000000070e300000, 0x000000070e300000| Untracked 
| 200|0x000000070e400000, 0x000000070e400000, 0x000000070e500000|  0%| F|  |TAMS 0x000000070e400000, 0x000000070e400000| Untracked 
| 201|0x000000070e500000, 0x000000070e500000, 0x000000070e600000|  0%| F|  |TAMS 0x000000070e500000, 0x000000070e500000| Untracked 
| 202|0x000000070e600000, 0x000000070e600000, 0x000000070e700000|  0%| F|  |TAMS 0x000000070e600000, 0x000000070e600000| Untracked 
| 203|0x000000070e700000, 0x000000070e700000, 0x000000070e800000|  0%| F|  |TAMS 0x000000070e700000, 0x000000070e700000| Untracked 
| 204|0x000000070e800000, 0x000000070e800000, 0x000000070e900000|  0%| F|  |TAMS 0x000000070e800000, 0x000000070e800000| Untracked 
| 205|0x000000070e900000, 0x000000070e900000, 0x000000070ea00000|  0%| F|  |TAMS 0x000000070e900000, 0x000000070e900000| Untracked 
| 206|0x000000070ea00000, 0x000000070ea00000, 0x000000070eb00000|  0%| F|  |TAMS 0x000000070ea00000, 0x000000070ea00000| Untracked 
| 207|0x000000070eb00000, 0x000000070eb00000, 0x000000070ec00000|  0%| F|  |TAMS 0x000000070eb00000, 0x000000070eb00000| Untracked 
| 208|0x000000070ec00000, 0x000000070ec00000, 0x000000070ed00000|  0%| F|  |TAMS 0x000000070ec00000, 0x000000070ec00000| Untracked 
| 209|0x000000070ed00000, 0x000000070ed00000, 0x000000070ee00000|  0%| F|  |TAMS 0x000000070ed00000, 0x000000070ed00000| Untracked 
| 210|0x000000070ee00000, 0x000000070ee00000, 0x000000070ef00000|  0%| F|  |TAMS 0x000000070ee00000, 0x000000070ee00000| Untracked 
| 211|0x000000070ef00000, 0x000000070ef00000, 0x000000070f000000|  0%| F|  |TAMS 0x000000070ef00000, 0x000000070ef00000| Untracked 
| 212|0x000000070f000000, 0x000000070f000000, 0x000000070f100000|  0%| F|  |TAMS 0x000000070f000000, 0x000000070f000000| Untracked 
| 213|0x000000070f100000, 0x000000070f100000, 0x000000070f200000|  0%| F|  |TAMS 0x000000070f100000, 0x000000070f100000| Untracked 
| 214|0x000000070f200000, 0x000000070f200000, 0x000000070f300000|  0%| F|  |TAMS 0x000000070f200000, 0x000000070f200000| Untracked 
| 215|0x000000070f300000, 0x000000070f300000, 0x000000070f400000|  0%| F|  |TAMS 0x000000070f300000, 0x000000070f300000| Untracked 
| 216|0x000000070f400000, 0x000000070f400000, 0x000000070f500000|  0%| F|  |TAMS 0x000000070f400000, 0x000000070f400000| Untracked 
| 217|0x000000070f500000, 0x000000070f500000, 0x000000070f600000|  0%| F|  |TAMS 0x000000070f500000, 0x000000070f500000| Untracked 
| 218|0x000000070f600000, 0x000000070f600000, 0x000000070f700000|  0%| F|  |TAMS 0x000000070f600000, 0x000000070f600000| Untracked 
| 219|0x000000070f700000, 0x000000070f700000, 0x000000070f800000|  0%| F|  |TAMS 0x000000070f700000, 0x000000070f700000| Untracked 
| 220|0x000000070f800000, 0x000000070f800000, 0x000000070f900000|  0%| F|  |TAMS 0x000000070f800000, 0x000000070f800000| Untracked 
| 221|0x000000070f900000, 0x000000070f900000, 0x000000070fa00000|  0%| F|  |TAMS 0x000000070f900000, 0x000000070f900000| Untracked 
| 222|0x000000070fa00000, 0x000000070fa00000, 0x000000070fb00000|  0%| F|  |TAMS 0x000000070fa00000, 0x000000070fa00000| Untracked 
| 223|0x000000070fb00000, 0x000000070fb00000, 0x000000070fc00000|  0%| F|  |TAMS 0x000000070fb00000, 0x000000070fb00000| Untracked 
| 224|0x000000070fc00000, 0x000000070fc00000, 0x000000070fd00000|  0%| F|  |TAMS 0x000000070fc00000, 0x000000070fc00000| Untracked 
| 225|0x000000070fd00000, 0x000000070fd00000, 0x000000070fe00000|  0%| F|  |TAMS 0x000000070fd00000, 0x000000070fd00000| Untracked 
| 226|0x000000070fe00000, 0x000000070fe00000, 0x000000070ff00000|  0%| F|  |TAMS 0x000000070fe00000, 0x000000070fe00000| Untracked 
| 227|0x000000070ff00000, 0x000000070ff00000, 0x0000000710000000|  0%| F|  |TAMS 0x000000070ff00000, 0x000000070ff00000| Untracked 
| 228|0x0000000710000000, 0x0000000710000000, 0x0000000710100000|  0%| F|  |TAMS 0x0000000710000000, 0x0000000710000000| Untracked 
| 229|0x0000000710100000, 0x0000000710100000, 0x0000000710200000|  0%| F|  |TAMS 0x0000000710100000, 0x0000000710100000| Untracked 
| 230|0x0000000710200000, 0x0000000710200000, 0x0000000710300000|  0%| F|  |TAMS 0x0000000710200000, 0x0000000710200000| Untracked 
| 231|0x0000000710300000, 0x0000000710300000, 0x0000000710400000|  0%| F|  |TAMS 0x0000000710300000, 0x0000000710300000| Untracked 
| 232|0x0000000710400000, 0x0000000710400000, 0x0000000710500000|  0%| F|  |TAMS 0x0000000710400000, 0x0000000710400000| Untracked 
| 233|0x0000000710500000, 0x0000000710500000, 0x0000000710600000|  0%| F|  |TAMS 0x0000000710500000, 0x0000000710500000| Untracked 
| 234|0x0000000710600000, 0x0000000710600000, 0x0000000710700000|  0%| F|  |TAMS 0x0000000710600000, 0x0000000710600000| Untracked 
| 235|0x0000000710700000, 0x00000007107d0e70, 0x0000000710800000| 81%| S|CS|TAMS 0x0000000710700000, 0x0000000710700000| Complete 
| 236|0x0000000710800000, 0x0000000710900000, 0x0000000710900000|100%| S|CS|TAMS 0x0000000710800000, 0x0000000710800000| Complete 
| 237|0x0000000710900000, 0x0000000710a00000, 0x0000000710a00000|100%| S|CS|TAMS 0x0000000710900000, 0x0000000710900000| Complete 
| 238|0x0000000710a00000, 0x0000000710b00000, 0x0000000710b00000|100%| S|CS|TAMS 0x0000000710a00000, 0x0000000710a00000| Complete 
| 239|0x0000000710b00000, 0x0000000710c00000, 0x0000000710c00000|100%| S|CS|TAMS 0x0000000710b00000, 0x0000000710b00000| Complete 
| 240|0x0000000710c00000, 0x0000000710d00000, 0x0000000710d00000|100%| S|CS|TAMS 0x0000000710c00000, 0x0000000710c00000| Complete 
| 241|0x0000000710d00000, 0x0000000710e00000, 0x0000000710e00000|100%| S|CS|TAMS 0x0000000710d00000, 0x0000000710d00000| Complete 
| 242|0x0000000710e00000, 0x0000000710f00000, 0x0000000710f00000|100%| S|CS|TAMS 0x0000000710e00000, 0x0000000710e00000| Complete 
| 243|0x0000000710f00000, 0x0000000711000000, 0x0000000711000000|100%| S|CS|TAMS 0x0000000710f00000, 0x0000000710f00000| Complete 
| 244|0x0000000711000000, 0x0000000711100000, 0x0000000711100000|100%| S|CS|TAMS 0x0000000711000000, 0x0000000711000000| Complete 
| 245|0x0000000711100000, 0x0000000711200000, 0x0000000711200000|100%| S|CS|TAMS 0x0000000711100000, 0x0000000711100000| Complete 
| 246|0x0000000711200000, 0x0000000711200000, 0x0000000711300000|  0%| F|  |TAMS 0x0000000711200000, 0x0000000711200000| Untracked 
| 247|0x0000000711300000, 0x0000000711300000, 0x0000000711400000|  0%| F|  |TAMS 0x0000000711300000, 0x0000000711300000| Untracked 
| 248|0x0000000711400000, 0x0000000711400000, 0x0000000711500000|  0%| F|  |TAMS 0x0000000711400000, 0x0000000711400000| Untracked 
| 249|0x0000000711500000, 0x0000000711500000, 0x0000000711600000|  0%| F|  |TAMS 0x0000000711500000, 0x0000000711500000| Untracked 
| 250|0x0000000711600000, 0x0000000711600000, 0x0000000711700000|  0%| F|  |TAMS 0x0000000711600000, 0x0000000711600000| Untracked 
| 251|0x0000000711700000, 0x0000000711700000, 0x0000000711800000|  0%| F|  |TAMS 0x0000000711700000, 0x0000000711700000| Untracked 
| 252|0x0000000711800000, 0x0000000711800000, 0x0000000711900000|  0%| F|  |TAMS 0x0000000711800000, 0x0000000711800000| Untracked 
| 253|0x0000000711900000, 0x0000000711900000, 0x0000000711a00000|  0%| F|  |TAMS 0x0000000711900000, 0x0000000711900000| Untracked 
| 254|0x0000000711a00000, 0x0000000711a00000, 0x0000000711b00000|  0%| F|  |TAMS 0x0000000711a00000, 0x0000000711a00000| Untracked 
| 255|0x0000000711b00000, 0x0000000711b00000, 0x0000000711c00000|  0%| F|  |TAMS 0x0000000711b00000, 0x0000000711b00000| Untracked 

Card table byte_map: [0x000001f62fa40000,0x000001f630240000] _byte_map_base: 0x000001f62c232000

Marking Bits (Prev, Next): (CMBitMap*) 0x000001f61a3d50b0, (CMBitMap*) 0x000001f61a3d5078
 Prev Bits: [0x000001f6349d0000, 0x000001f638960000)
 Next Bits: [0x000001f630a40000, 0x000001f6349d0000)

Polling page: 0x000001f61a180000

Metaspace:

Usage:
  Non-class:     29.99 MB capacity,    29.27 MB ( 98%) used,   603.84 KB (  2%) free+waste,   126.69 KB ( <1%) overhead. 
      Class:      4.75 MB capacity,     4.30 MB ( 91%) used,   395.02 KB (  8%) free+waste,    63.44 KB (  1%) overhead. 
       Both:     34.74 MB capacity,    33.58 MB ( 97%) used,   998.87 KB (  3%) free+waste,   190.13 KB ( <1%) overhead. 

Virtual space:
  Non-class space:       32.00 MB reserved,      30.12 MB ( 94%) committed 
      Class space:        1.00 GB reserved,       4.75 MB ( <1%) committed 
             Both:        1.03 GB reserved,      34.87 MB (  3%) committed 

Chunk freelists:
   Non-Class:  0 bytes
       Class:  0 bytes
        Both:  0 bytes

MaxMetaspaceSize: 17179869184.00 GB
CompressedClassSpaceSize: 1.00 GB

CodeHeap 'non-profiled nmethods': size=238912Kb used=6502Kb max_used=6502Kb free=232410Kb
 bounds [0x000001f6202d0000, 0x000001f620930000, 0x000001f62ec20000]
CodeHeap 'non-nmethods': size=6848Kb used=1170Kb max_used=1170Kb free=5677Kb
 bounds [0x000001f61fc20000, 0x000001f61fe90000, 0x000001f6202d0000]
 total_blobs=4665 nmethods=3879 adapters=419
 compilation: enabled
              stopped_count=0, restarted_count=0
 full_count=0

Compilation events (20 events):
Event: 4.375 Thread 0x000001f63b933800 3887       1       java.util.concurrent.ConcurrentHashMap::size (31 bytes)
Event: 4.375 Thread 0x000001f63b933800 nmethod 3887 0x000001f620925310 code [0x000001f6209254c0, 0x000001f620925650]
Event: 4.375 Thread 0x000001f63b933800 3888       1       org.springframework.core.annotation.AnnotatedElementUtils::getAnnotations (11 bytes)
Event: 4.375 Thread 0x000001f63b933800 nmethod 3888 0x000001f620925710 code [0x000001f6209258e0, 0x000001f620925b00]
Event: 4.376 Thread 0x000001f63b933800 3889       1       org.springframework.transaction.interceptor.AbstractFallbackTransactionAttributeSource::getTransactionAttribute (173 bytes)
Event: 4.376 Thread 0x000001f63b933800 nmethod 3889 0x000001f620925c10 code [0x000001f620925ea0, 0x000001f620926650]
Event: 4.376 Thread 0x000001f63b933800 3890   !   1       com.sun.proxy.$Proxy47::annotationType (29 bytes)
Event: 4.377 Thread 0x000001f63b933800 nmethod 3890 0x000001f620926990 code [0x000001f620926b60, 0x000001f620926da0]
Event: 4.377 Thread 0x000001f63b933800 3891       1       org.springframework.core.BridgeMethodResolver$$Lambda$420/0x000000080041ec40::matches (9 bytes)
Event: 4.377 Thread 0x000001f63b933800 nmethod 3891 0x000001f620926f10 code [0x000001f6209270c0, 0x000001f620927210]
Event: 4.377 Thread 0x000001f63b933800 3892       1       org.springframework.core.BridgeMethodResolver::lambda$findBridgedMethod$0 (6 bytes)
Event: 4.377 Thread 0x000001f63b933800 nmethod 3892 0x000001f620927290 code [0x000001f620927440, 0x000001f620927570]
Event: 4.377 Thread 0x000001f63b933800 3893       1       org.springframework.core.BridgeMethodResolver::isBridgedCandidateFor (46 bytes)
Event: 4.377 Thread 0x000001f63b933800 nmethod 3893 0x000001f620927610 code [0x000001f6209277e0, 0x000001f6209279e0]
Event: 4.377 Thread 0x000001f63b933800 3894       1       org.springframework.aop.framework.autoproxy.AbstractAdvisorAutoProxyCreator::isEligibleAdvisorBean (2 bytes)
Event: 4.377 Thread 0x000001f63b933800 nmethod 3894 0x000001f620927b90 code [0x000001f620927d40, 0x000001f620927e58]
Event: 4.379 Thread 0x000001f63b933800 3895       1       java.lang.invoke.MethodType::methodType (14 bytes)
Event: 4.379 Thread 0x000001f63b933800 nmethod 3895 0x000001f620927f10 code [0x000001f6209280e0, 0x000001f620928370]
Event: 4.382 Thread 0x000001f63b933800 3897       1       java.lang.invoke.InnerClassLambdaMetafactory::generateFactory (136 bytes)
Event: 4.383 Thread 0x000001f63b933800 nmethod 3897 0x000001f620928710 code [0x000001f620928980, 0x000001f620929070]

GC Heap History (13 events):
Event: 1.292 GC heap before
{Heap before GC invocations=0 (full 0):
 garbage-first heap   total 262144K, used 15360K [0x0000000701c00000, 0x0000000800000000)
  region size 1024K, 14 young (14336K), 0 survivors (0K)
 Metaspace       used 11364K, capacity 11722K, committed 11904K, reserved 1060864K
  class space    used 1193K, capacity 1334K, committed 1408K, reserved 1048576K
}
Event: 1.301 GC heap after
{Heap after GC invocations=1 (full 0):
 garbage-first heap   total 262144K, used 9253K [0x0000000701c00000, 0x0000000800000000)
  region size 1024K, 2 young (2048K), 2 survivors (2048K)
 Metaspace       used 11364K, capacity 11722K, committed 11904K, reserved 1060864K
  class space    used 1193K, capacity 1334K, committed 1408K, reserved 1048576K
}
Event: 1.505 GC heap before
{Heap before GC invocations=1 (full 0):
 garbage-first heap   total 262144K, used 18469K [0x0000000701c00000, 0x0000000800000000)
  region size 1024K, 12 young (12288K), 2 survivors (2048K)
 Metaspace       used 14142K, capacity 14442K, committed 14720K, reserved 1062912K
  class space    used 1491K, capacity 1624K, committed 1664K, reserved 1048576K
}
Event: 1.508 GC heap after
{Heap after GC invocations=2 (full 0):
 garbage-first heap   total 262144K, used 10707K [0x0000000701c00000, 0x0000000800000000)
  region size 1024K, 2 young (2048K), 2 survivors (2048K)
 Metaspace       used 14142K, capacity 14442K, committed 14720K, reserved 1062912K
  class space    used 1491K, capacity 1624K, committed 1664K, reserved 1048576K
}
Event: 1.819 GC heap before
{Heap before GC invocations=2 (full 0):
 garbage-first heap   total 262144K, used 33235K [0x0000000701c00000, 0x0000000800000000)
  region size 1024K, 24 young (24576K), 2 survivors (2048K)
 Metaspace       used 18586K, capacity 19109K, committed 19328K, reserved 1067008K
  class space    used 2095K, capacity 2317K, committed 2432K, reserved 1048576K
}
Event: 1.824 GC heap after
{Heap after GC invocations=3 (full 0):
 garbage-first heap   total 262144K, used 11825K [0x0000000701c00000, 0x0000000800000000)
  region size 1024K, 3 young (3072K), 3 survivors (3072K)
 Metaspace       used 18586K, capacity 19109K, committed 19328K, reserved 1067008K
  class space    used 2095K, capacity 2317K, committed 2432K, reserved 1048576K
}
Event: 2.017 GC heap before
{Heap before GC invocations=3 (full 0):
 garbage-first heap   total 262144K, used 29233K [0x0000000701c00000, 0x0000000800000000)
  region size 1024K, 21 young (21504K), 3 survivors (3072K)
 Metaspace       used 20601K, capacity 21112K, committed 21296K, reserved 1069056K
  class space    used 2462K, capacity 2664K, committed 2688K, reserved 1048576K
}
Event: 2.022 GC heap after
{Heap after GC invocations=4 (full 0):
 garbage-first heap   total 262144K, used 12458K [0x0000000701c00000, 0x0000000800000000)
  region size 1024K, 4 young (4096K), 4 survivors (4096K)
 Metaspace       used 20601K, capacity 21112K, committed 21296K, reserved 1069056K
  class space    used 2462K, capacity 2664K, committed 2688K, reserved 1048576K
}
Event: 2.877 GC heap before
{Heap before GC invocations=5 (full 0):
 garbage-first heap   total 262144K, used 61610K [0x0000000701c00000, 0x0000000800000000)
  region size 1024K, 53 young (54272K), 4 survivors (4096K)
 Metaspace       used 25471K, capacity 26198K, committed 26416K, reserved 1073152K
  class space    used 3102K, capacity 3365K, committed 3456K, reserved 1048576K
}
Event: 2.882 GC heap after
{Heap after GC invocations=6 (full 0):
 garbage-first heap   total 262144K, used 14332K [0x0000000701c00000, 0x0000000800000000)
  region size 1024K, 5 young (5120K), 5 survivors (5120K)
 Metaspace       used 25471K, capacity 26198K, committed 26416K, reserved 1073152K
  class space    used 3102K, capacity 3365K, committed 3456K, reserved 1048576K
}
Event: 4.236 GC heap before
{Heap before GC invocations=6 (full 0):
 garbage-first heap   total 262144K, used 164860K [0x0000000701c00000, 0x0000000800000000)
  region size 1024K, 153 young (156672K), 5 survivors (5120K)
 Metaspace       used 33331K, capacity 34440K, committed 34608K, reserved 1079296K
  class space    used 4237K, capacity 4655K, committed 4736K, reserved 1048576K
}
Event: 4.247 GC heap after
{Heap after GC invocations=7 (full 0):
 garbage-first heap   total 262144K, used 19523K [0x0000000701c00000, 0x0000000800000000)
  region size 1024K, 10 young (10240K), 10 survivors (10240K)
 Metaspace       used 33331K, capacity 34440K, committed 34608K, reserved 1079296K
  class space    used 4237K, capacity 4655K, committed 4736K, reserved 1048576K
}
Event: 4.388 GC heap before
{Heap before GC invocations=7 (full 0):
 garbage-first heap   total 262144K, used 28739K [0x0000000701c00000, 0x0000000800000000)
  region size 1024K, 20 young (20480K), 10 survivors (10240K)
 Metaspace       used 34382K, capacity 35571K, committed 35708K, reserved 1081344K
  class space    used 4405K, capacity 4864K, committed 4864K, reserved 1048576K
}

Deoptimization events (2 events):
Event: 3.758 Thread 0x000001f61a370000 DEOPT PACKING pc=0x000001f6205c3f2c sp=0x000000c8f96fd8e0
Event: 3.758 Thread 0x000001f61a370000 DEOPT UNPACKING pc=0x000001f61fc48fce sp=0x000000c8f96fce48 mode 0

Classes redefined (0 events):
No events

Internal exceptions (20 events):
Event: 4.265 Thread 0x000001f61a370000 Exception <a 'java/lang/ClassNotFoundException'{0x0000000711bf5670}: java/lang/ObjectCustomizer> (0x0000000711bf5670) thrown at [c:/BuildAgent/work/5ff2f6c26000d570/src/hotspot/share/classfile/systemDictionary.cpp, line 231]
Event: 4.266 Thread 0x000001f61a370000 Exception <a 'java/lang/ClassNotFoundException'{0x0000000711a15e50}: org/springframework/security/config/annotation/method/configuration/GlobalMethodSecurityConfigurationCustomizer> (0x0000000711a15e50) thrown at [c:/BuildAgent/work/5ff2f6c26000d570/src/h
Event: 4.267 Thread 0x000001f61a370000 Exception <a 'java/lang/ClassNotFoundException'{0x0000000711a36518}: org/springframework/context/annotation/ImportAwareCustomizer> (0x0000000711a36518) thrown at [c:/BuildAgent/work/5ff2f6c26000d570/src/hotspot/share/classfile/systemDictionary.cpp, line 2
Event: 4.267 Thread 0x000001f61a370000 Exception <a 'java/lang/ClassNotFoundException'{0x0000000711a495f8}: org/springframework/beans/factory/AwareCustomizer> (0x0000000711a495f8) thrown at [c:/BuildAgent/work/5ff2f6c26000d570/src/hotspot/share/classfile/systemDictionary.cpp, line 231]
Event: 4.267 Thread 0x000001f61a370000 Exception <a 'java/lang/ClassNotFoundException'{0x0000000711a5f898}: org/springframework/beans/factory/SmartInitializingSingletonCustomizer> (0x0000000711a5f898) thrown at [c:/BuildAgent/work/5ff2f6c26000d570/src/hotspot/share/classfile/systemDictionary.c
Event: 4.268 Thread 0x000001f61a370000 Exception <a 'java/lang/ClassNotFoundException'{0x0000000711a74bc0}: org/springframework/beans/factory/BeanFactoryAwareCustomizer> (0x0000000711a74bc0) thrown at [c:/BuildAgent/work/5ff2f6c26000d570/src/hotspot/share/classfile/systemDictionary.cpp, line 2
Event: 4.268 Thread 0x000001f61a370000 Exception <a 'java/lang/ClassNotFoundException'{0x0000000711a883f0}: org/springframework/beans/factory/AwareCustomizer> (0x0000000711a883f0) thrown at [c:/BuildAgent/work/5ff2f6c26000d570/src/hotspot/share/classfile/systemDictionary.cpp, line 231]
Event: 4.283 Thread 0x000001f61a370000 Exception <a 'java/lang/ClassNotFoundException'{0x00000007119af338}: java/lang/ObjectCustomizer> (0x00000007119af338) thrown at [c:/BuildAgent/work/5ff2f6c26000d570/src/hotspot/share/classfile/systemDictionary.cpp, line 231]
Event: 4.284 Thread 0x000001f61a370000 Exception <a 'java/lang/ClassNotFoundException'{0x00000007119c6aa0}: org/springframework/aop/support/AbstractPointcutAdvisorCustomizer> (0x00000007119c6aa0) thrown at [c:/BuildAgent/work/5ff2f6c26000d570/src/hotspot/share/classfile/systemDictionary.cpp, l
Event: 4.284 Thread 0x000001f61a370000 Exception <a 'java/lang/ClassNotFoundException'{0x00000007119e5bc8}: org/springframework/security/access/intercept/aopalliance/MethodSecurityMetadataSourceAdvisorCustomizer> (0x00000007119e5bc8) thrown at [c:/BuildAgent/work/5ff2f6c26000d570/src/hotspot/s
Event: 4.285 Thread 0x000001f61a370000 Exception <a 'java/lang/ClassNotFoundException'{0x0000000711801790}: org/springframework/beans/factory/BeanFactoryAwareCustomizer> (0x0000000711801790) thrown at [c:/BuildAgent/work/5ff2f6c26000d570/src/hotspot/share/classfile/systemDictionary.cpp, line 2
Event: 4.285 Thread 0x000001f61a370000 Exception <a 'java/lang/ClassNotFoundException'{0x0000000711814588}: org/springframework/beans/factory/AwareCustomizer> (0x0000000711814588) thrown at [c:/BuildAgent/work/5ff2f6c26000d570/src/hotspot/share/classfile/systemDictionary.cpp, line 231]
Event: 4.285 Thread 0x000001f61a370000 Exception <a 'java/lang/ClassNotFoundException'{0x0000000711826160}: org/springframework/aop/PointcutAdvisorCustomizer> (0x0000000711826160) thrown at [c:/BuildAgent/work/5ff2f6c26000d570/src/hotspot/share/classfile/systemDictionary.cpp, line 231]
Event: 4.286 Thread 0x000001f61a370000 Exception <a 'java/lang/ClassNotFoundException'{0x0000000711837960}: org/springframework/aop/AdvisorCustomizer> (0x0000000711837960) thrown at [c:/BuildAgent/work/5ff2f6c26000d570/src/hotspot/share/classfile/systemDictionary.cpp, line 231]
Event: 4.286 Thread 0x000001f61a370000 Exception <a 'java/lang/ClassNotFoundException'{0x000000071184a138}: org/springframework/core/OrderedCustomizer> (0x000000071184a138) thrown at [c:/BuildAgent/work/5ff2f6c26000d570/src/hotspot/share/classfile/systemDictionary.cpp, line 231]
Event: 4.326 Thread 0x000001f61a370000 Exception <a 'java/lang/NoSuchMethodError'{0x00000007116800e0}: 'int java.lang.invoke.DirectMethodHandle$Holder.invokeSpecial(java.lang.Object, java.lang.Object, java.lang.Object, java.lang.Object, java.lang.Object)'> (0x00000007116800e0) thrown at [c:/Bu
Event: 4.381 Thread 0x000001f61a370000 Exception <a 'java/lang/NoSuchMethodError'{0x0000000711223620}: 'void java.lang.invoke.DirectMethodHandle$Holder.invokeInterface(java.lang.Object, java.lang.Object, int)'> (0x0000000711223620) thrown at [c:/BuildAgent/work/5ff2f6c26000d570/src/hotspot/sha
Event: 4.384 Thread 0x000001f61a370000 Exception <a 'java/lang/NoSuchMethodError'{0x00000007112676e0}: 'void java.lang.invoke.DirectMethodHandle$Holder.invokeStatic(java.lang.Object, int, java.lang.Object)'> (0x00000007112676e0) thrown at [c:/BuildAgent/work/5ff2f6c26000d570/src/hotspot/share/
Event: 4.386 Thread 0x000001f61a370000 Exception <a 'java/lang/NoSuchMethodError'{0x000000071128a270}: 'int java.lang.invoke.DirectMethodHandle$Holder.invokeVirtual(java.lang.Object, java.lang.Object)'> (0x000000071128a270) thrown at [c:/BuildAgent/work/5ff2f6c26000d570/src/hotspot/share/inter
Event: 4.386 Thread 0x000001f61a370000 Exception <a 'java/lang/NoSuchMethodError'{0x0000000711293d08}: 'int java.lang.invoke.DirectMethodHandle$Holder.invokeSpecialIFC(java.lang.Object, java.lang.Object, java.lang.Object, java.lang.Object)'> (0x0000000711293d08) thrown at [c:/BuildAgent/work/5

Events (20 events):
Event: 4.388 loading class org/springframework/boot/autoconfigure/web/embedded/TomcatWebServerFactoryCustomizer done
Event: 4.388 loading class org/apache/catalina/connector/Connector
Event: 4.388 loading class org/apache/catalina/connector/Connector done
Event: 4.388 loading class org/springframework/boot/web/embedded/tomcat/TomcatConnectorCustomizer
Event: 4.388 loading class org/springframework/boot/web/embedded/tomcat/TomcatConnectorCustomizer done
Event: 4.388 loading class org/springframework/util/unit/DataSize
Event: 4.388 loading class org/springframework/util/unit/DataSize done
Event: 4.388 loading class org/springframework/util/unit/DataSize
Event: 4.388 loading class org/springframework/util/unit/DataSize done
Event: 4.388 loading class org/springframework/boot/autoconfigure/web/ServerProperties$Tomcat
Event: 4.388 loading class org/springframework/boot/autoconfigure/web/ServerProperties$Tomcat done
Event: 4.388 loading class org/springframework/boot/web/embedded/tomcat/ConfigurableTomcatWebServerFactory
Event: 4.388 loading class org/springframework/boot/web/embedded/tomcat/ConfigurableTomcatWebServerFactory done
Event: 4.388 loading class org/springframework/boot/autoconfigure/web/embedded/TomcatWebServerFactoryCustomizer
Event: 4.388 loading class org/springframework/boot/autoconfigure/web/embedded/TomcatWebServerFactoryCustomizer done
Event: 4.388 loading class org/apache/catalina/connector/Connector
Event: 4.388 loading class org/apache/catalina/connector/Connector done
Event: 4.388 loading class org/springframework/boot/web/embedded/tomcat/TomcatConnectorCustomizer
Event: 4.388 loading class org/springframework/boot/web/embedded/tomcat/TomcatConnectorCustomizer done
Event: 4.388 Executing VM operation: CollectForMetadataAllocation


Dynamic libraries:
0x00007ff7b6c10000 - 0x00007ff7b6c1a000 	C:\Program Files\JetBrains\IntelliJ IDEA 2018.3.5\jbr\bin\java.exe
0x00007ffd23920000 - 0x00007ffd23b10000 	C:\WINDOWS\SYSTEM32\ntdll.dll
0x00007ffd222a0000 - 0x00007ffd22352000 	C:\WINDOWS\System32\KERNEL32.DLL
0x00007ffd20e60000 - 0x00007ffd21105000 	C:\WINDOWS\System32\KERNELBASE.dll
0x00007ffd20c80000 - 0x00007ffd20d7a000 	C:\WINDOWS\System32\ucrtbase.dll
0x00007ffd10330000 - 0x00007ffd10349000 	C:\Program Files\JetBrains\IntelliJ IDEA 2018.3.5\jbr\bin\jli.dll
0x00007ffd21a90000 - 0x00007ffd21c24000 	C:\WINDOWS\System32\USER32.dll
0x00007ffd218d0000 - 0x00007ffd218f1000 	C:\WINDOWS\System32\win32u.dll
0x00007ffd231c0000 - 0x00007ffd231e6000 	C:\WINDOWS\System32\GDI32.dll
0x00007ffd208a0000 - 0x00007ffd20a36000 	C:\WINDOWS\System32\gdi32full.dll
0x00007ffd20b90000 - 0x00007ffd20c2e000 	C:\WINDOWS\System32\msvcp_win.dll
0x00007ffcf9c70000 - 0x00007ffcf9c87000 	C:\Program Files\JetBrains\IntelliJ IDEA 2018.3.5\jbr\bin\VCRUNTIME140.dll
0x00007ffd0b7a0000 - 0x00007ffd0ba24000 	C:\WINDOWS\WinSxS\amd64_microsoft.windows.common-controls_6595b64144ccf1df_6.0.18362.1198_none_9e820b57e45ad92f\COMCTL32.dll
0x00007ffd21ed0000 - 0x00007ffd21f6e000 	C:\WINDOWS\System32\msvcrt.dll
0x00007ffd22610000 - 0x00007ffd22945000 	C:\WINDOWS\System32\combase.dll
0x00007ffd21f80000 - 0x00007ffd220a0000 	C:\WINDOWS\System32\RPCRT4.dll
0x00007ffd20de0000 - 0x00007ffd20e60000 	C:\WINDOWS\System32\bcryptPrimitives.dll
0x00007ffd22200000 - 0x00007ffd2222e000 	C:\WINDOWS\System32\IMM32.DLL
0x00007ffce0900000 - 0x00007ffce099d000 	C:\Program Files\JetBrains\IntelliJ IDEA 2018.3.5\jbr\bin\msvcp140.dll
0x00007ffcc0a40000 - 0x00007ffcc14fd000 	C:\Program Files\JetBrains\IntelliJ IDEA 2018.3.5\jbr\bin\server\jvm.dll
0x00007ffd21e20000 - 0x00007ffd21ec3000 	C:\WINDOWS\System32\ADVAPI32.dll
0x00007ffd219d0000 - 0x00007ffd21a67000 	C:\WINDOWS\System32\sechost.dll
0x00007ffd22230000 - 0x00007ffd22238000 	C:\WINDOWS\System32\PSAPI.DLL
0x00007ffcf9ee0000 - 0x00007ffcf9ee9000 	C:\WINDOWS\SYSTEM32\WSOCK32.dll
0x00007ffd22360000 - 0x00007ffd223cf000 	C:\WINDOWS\System32\WS2_32.dll
0x00007ffd1cf50000 - 0x00007ffd1cf74000 	C:\WINDOWS\SYSTEM32\WINMM.dll
0x00007ffd17e90000 - 0x00007ffd17e9a000 	C:\WINDOWS\SYSTEM32\VERSION.dll
0x00007ffd1ce30000 - 0x00007ffd1ce5d000 	C:\WINDOWS\SYSTEM32\WINMMBASE.dll
0x00007ffd20c30000 - 0x00007ffd20c7a000 	C:\WINDOWS\System32\cfgmgr32.dll
0x00007ffd20830000 - 0x00007ffd20841000 	C:\WINDOWS\System32\kernel.appcore.dll
0x00007ffcc1930000 - 0x00007ffcc1941000 	C:\Program Files\JetBrains\IntelliJ IDEA 2018.3.5\jbr\bin\verify.dll
0x00007ffd1f0a0000 - 0x00007ffd1f294000 	C:\WINDOWS\SYSTEM32\DBGHELP.DLL
0x00007ffd02900000 - 0x00007ffd0292a000 	C:\WINDOWS\SYSTEM32\dbgcore.DLL
0x00007ffcc1900000 - 0x00007ffcc1929000 	C:\Program Files\JetBrains\IntelliJ IDEA 2018.3.5\jbr\bin\java.dll
0x00007ffd1c6a0000 - 0x00007ffd1c6af000 	C:\Program Files\JetBrains\IntelliJ IDEA 2018.3.5\jbr\bin\instrument.dll
0x00007ffcc18e0000 - 0x00007ffcc18f8000 	C:\Program Files\JetBrains\IntelliJ IDEA 2018.3.5\jbr\bin\zip.dll
0x00007ffce1380000 - 0x00007ffce138b000 	C:\Program Files\JetBrains\IntelliJ IDEA 2018.3.5\jbr\bin\jimage.dll
0x00007ffd22950000 - 0x00007ffd23037000 	C:\WINDOWS\System32\SHELL32.dll
0x00007ffd21c90000 - 0x00007ffd21d39000 	C:\WINDOWS\System32\shcore.dll
0x00007ffd21140000 - 0x00007ffd218c1000 	C:\WINDOWS\System32\windows.storage.dll
0x00007ffd20850000 - 0x00007ffd20873000 	C:\WINDOWS\System32\profapi.dll
0x00007ffd207e0000 - 0x00007ffd2082a000 	C:\WINDOWS\System32\powrprof.dll
0x00007ffd207d0000 - 0x00007ffd207e0000 	C:\WINDOWS\System32\UMPDC.dll
0x00007ffd21c30000 - 0x00007ffd21c82000 	C:\WINDOWS\System32\shlwapi.dll
0x00007ffd219b0000 - 0x00007ffd219c7000 	C:\WINDOWS\System32\cryptsp.dll
0x00007ffcc18c0000 - 0x00007ffcc18da000 	C:\Program Files\JetBrains\IntelliJ IDEA 2018.3.5\jbr\bin\net.dll
0x00007ffd11500000 - 0x00007ffd115f0000 	C:\WINDOWS\SYSTEM32\WINHTTP.dll
0x00007ffd20020000 - 0x00007ffd20087000 	C:\WINDOWS\system32\mswsock.dll
0x00007ffcc18a0000 - 0x00007ffcc18b4000 	C:\Program Files\JetBrains\IntelliJ IDEA 2018.3.5\jbr\bin\nio.dll
0x00007ffd1aef0000 - 0x00007ffd1af0a000 	C:\Program Files\JetBrains\IntelliJ IDEA 2018.3.5\bin\breakgen64.dll
0x00007ffd1fd70000 - 0x00007ffd1fe3b000 	C:\WINDOWS\SYSTEM32\DNSAPI.dll
0x00007ffd21e10000 - 0x00007ffd21e18000 	C:\WINDOWS\System32\NSI.dll
0x00007ffd1fd30000 - 0x00007ffd1fd6a000 	C:\WINDOWS\SYSTEM32\IPHLPAPI.DLL
0x00007ffd19bd0000 - 0x00007ffd19bda000 	C:\Windows\System32\rasadhlp.dll
0x00007ffd1b130000 - 0x00007ffd1b1a7000 	C:\WINDOWS\System32\fwpuclnt.dll
0x00007ffd21110000 - 0x00007ffd21136000 	C:\WINDOWS\System32\bcrypt.dll
0x00007ffce1350000 - 0x00007ffce135a000 	C:\Program Files\JetBrains\IntelliJ IDEA 2018.3.5\jbr\bin\management.dll
0x00007ffcd0d70000 - 0x00007ffcd0d7c000 	C:\Program Files\JetBrains\IntelliJ IDEA 2018.3.5\jbr\bin\management_ext.dll
0x00007ffd1fb90000 - 0x00007ffd1fbc3000 	C:\WINDOWS\system32\rsaenh.dll
0x00007ffd206b0000 - 0x00007ffd206d5000 	C:\WINDOWS\SYSTEM32\USERENV.dll
0x00007ffd201f0000 - 0x00007ffd201fc000 	C:\WINDOWS\SYSTEM32\CRYPTBASE.dll
0x00007ffd1e6e0000 - 0x00007ffd1e6f6000 	C:\WINDOWS\SYSTEM32\dhcpcsvc6.DLL
0x00007ffd1e6c0000 - 0x00007ffd1e6dc000 	C:\WINDOWS\SYSTEM32\dhcpcsvc.DLL
0x00007ffd194e0000 - 0x00007ffd194f6000 	C:\WINDOWS\system32\napinsp.dll
0x00007ffd194c0000 - 0x00007ffd194da000 	C:\WINDOWS\system32\pnrpnsp.dll
0x00007ffd1b110000 - 0x00007ffd1b11e000 	C:\WINDOWS\System32\winrnr.dll
0x00007ffd1c970000 - 0x00007ffd1c98c000 	C:\WINDOWS\system32\NLAapi.dll
0x00007ffd1b0f0000 - 0x00007ffd1b105000 	C:\WINDOWS\system32\wshbth.dll

dbghelp: loaded successfully - version: 4.0.5 - missing functions: none
symbol engine: initialized successfully - sym options: 0x614 - pdb path: .;C:\Program Files\JetBrains\IntelliJ IDEA 2018.3.5\jbr\bin;C:\WINDOWS\SYSTEM32;C:\WINDOWS\WinSxS\amd64_microsoft.windows.common-controls_6595b64144ccf1df_6.0.18362.1198_none_9e820b57e45ad92f;C:\Program Files\JetBrains\IntelliJ IDEA 2018.3.5\jbr\bin\server;C:\Program Files\JetBrains\IntelliJ IDEA 2018.3.5\bin

VM Arguments:
jvm_args: -XX:TieredStopAtLevel=1 -Xverify:none -Dspring.output.ansi.enabled=always -Dcom.sun.management.jmxremote -Dspring.jmx.enabled=true -Dspring.liveBeansView.mbeanDomain -Dspring.application.admin.enabled=true -javaagent:C:\Program Files\JetBrains\IntelliJ IDEA 2018.3.5\lib\idea_rt.jar=49337:C:\Program Files\JetBrains\IntelliJ IDEA 2018.3.5\bin -Dfile.encoding=UTF-8 
java_command: pl.project.QuizServerApplication
java_class_path (initial): E:\Documents\quiz_server\target\classes;E:\Documents\quiz_server\lib\spring-aspects-5.2.3.RELEASE.jar;E:\Documents\quiz_server\lib\spring-aop-5.2.3.RELEASE.jar;E:\Documents\quiz_server\lib\spring-beans-5.2.3.RELEASE.jar;E:\Documents\quiz_server\lib\spring-context-support-5.2.3.RELEASE.jar;E:\Documents\quiz_server\lib\spring-instrument-5.2.3.RELEASE.jar;E:\Documents\quiz_server\lib\spring-expression-5.2.3.RELEASE.jar;E:\Documents\quiz_server\lib\spring-core-5.2.3.RELEASE.jar;E:\Documents\quiz_server\lib\spring-context-5.2.3.RELEASE.jar;E:\Documents\quiz_server\lib\spring-jdbc-5.2.3.RELEASE.jar;E:\Documents\quiz_server\lib\spring-jms-5.2.3.RELEASE.jar;E:\Documents\quiz_server\lib\spring-orm-5.2.3.RELEASE.jar;E:\Documents\quiz_server\lib\spring-oxm-5.2.3.RELEASE.jar;E:\Documents\quiz_server\lib\commons-logging-1.2.jar;E:\Documents\quiz_server\lib\aopalliance-1.0.jar;E:\Documents\quiz_server\lib\spring-test-5.2.3.RELEASE.jar;E:\Documents\quiz_server\lib\spring-tx-5.2.3.RELEASE.jar;E:\Documents\quiz_server\lib\spring-messaging-5.2.3.RELEASE.jar;E:\Documents\quiz_server\lib\classmate-1.5.1.jar;E:\Documents\quiz_server\lib\dom4j-2.1.1.jar;E:\Documents\quiz_server\lib\antlr-2.7.7.jar;E:\Documents\quiz_server\lib\byte-buddy-1.10.7.jar;E:\Documents\quiz_server\lib\hibernate-commons-annotations-5.1.0.Final.jar;E:\Documents\quiz_server\lib\FastInfoset-1.2.15.jar;E:\Documents\quiz_server\lib\istack-commons-runtime-3.0.7.jar;E:\Documents\quiz_server\lib\hibernate-core-5.4.11.Final.jar;E:\Documents\quiz_server\lib\jandex-2.1.1.Final.jar;E:\Documents\quiz_server\lib\javax.activation-api-1.2.0.jar;E:\Documents\quiz_server\lib\javassist-3.24.0-GA.jar;E:\Documents\quiz_server\lib\jaxb-api-2.3.1.jar;E:\Documents\quiz_server\lib\javax.persistence-api-2.2.jar;E:\Documents\quiz_server\lib\jboss-logging-3.3.2.Final.jar;E:\Documents\quiz_server\lib\jboss-transaction-api_1.2_spec-1.1.1.Final.jar;E:\Documents\quiz_server\lib\stax-ex-1.8.jar;E:\Documents\quiz_serve
Launcher Type: SUN_STANDARD

[Global flags]
     bool BytecodeVerificationLocal                = false                                     {product} {command line}
     bool BytecodeVerificationRemote               = false                                     {product} {command line}
     intx CICompilerCount                          = 3                                         {product} {ergonomic}
     uint ConcGCThreads                            = 1                                         {product} {ergonomic}
     uint G1ConcRefinementThreads                  = 4                                         {product} {ergonomic}
   size_t G1HeapRegionSize                         = 1048576                                   {product} {ergonomic}
    uintx GCDrainStackTargetSize                   = 64                                        {product} {ergonomic}
   size_t InitialHeapSize                          = 268435456                                 {product} {ergonomic}
     bool ManagementServer                         = true                                      {product} {command line}
   size_t MarkStackSize                            = 4194304                                   {product} {ergonomic}
   size_t MaxHeapSize                              = 4265607168                                {product} {ergonomic}
   size_t MaxNewSize                               = 2558525440                                {product} {ergonomic}
   size_t MinHeapDeltaBytes                        = 1048576                                   {product} {ergonomic}
    uintx NonNMethodCodeHeapSize                   = 6973028                                {pd product} {ergonomic}
    uintx NonProfiledCodeHeapSize                  = 244685212                              {pd product} {ergonomic}
    uintx ProfiledCodeHeapSize                     = 0                                      {pd product} {ergonomic}
    uintx ReservedCodeCacheSize                    = 251658240                              {pd product} {ergonomic}
     bool SegmentedCodeCache                       = true                                      {product} {ergonomic}
     intx TieredStopAtLevel                        = 1                                         {product} {command line}
     bool UseCompressedClassPointers               = true                                 {lp64_product} {ergonomic}
     bool UseCompressedOops                        = true                                 {lp64_product} {ergonomic}
     bool UseG1GC                                  = true                                      {product} {ergonomic}
     bool UseLargePagesIndividualAllocation        = false                                  {pd product} {ergonomic}

Logging:
Log output configuration:
 #0: stdout all=warning uptime,level,tags
 #1: stderr all=off uptime,level,tags

Environment Variables:
JAVA_HOME=C:\Program Files\Java\jdk-14.0.1\bin
PATH=C:\Program Files\Java\jdk-14.0.1\bin;C:\Program Files (x86)\Common Files\Oracle\Java\javapath;C:\Program Files (x86)\Razer Chroma SDK\bin;C:\Program Files\Razer Chroma SDK\bin;C:\Program Files (x86)\Razer\ChromaBroadcast\bin;C:\Program Files\Razer\ChromaBroadcast\bin;C:\Program Files (x86)\Intel\Intel(R) Management Engine Components\iCLS\;C:\Program Files\Intel\Intel(R) Management Engine Components\iCLS\;E:\Program Files (x86)\Borland\CBuilder6\Bin;E:\Program Files (x86)\Borland\CBuilder6\Projects\Bpl;C:\Program Files (x86)\NVIDIA Corporation\PhysX\Common;C:\Program Files\dotnet\;C:\Program Files\NVIDIA Corporation\NVIDIA NvDLISR;C:\Program Files (x86)\Intel\Intel(R) Management Engine Components\DAL;C:\Program Files\Intel\Intel(R) Management Engine Components\DAL;C:\Program Files (x86)\Intel\Intel(R) Management Engine Components\IPT;C:\Program Files\Intel\Intel(R) Management Engine Components\IPT;C:\Program Files\Intel\WiFi\bin\;C:\Program Files\Common Files\Intel\WirelessCommon\;C:\WINDOWS\system32;C:\WINDOWS;C:\WINDOWS\System32\Wbem;C:\WINDOWS\System32\WindowsPowerShell\v1.0\;C:\WINDOWS\System32\OpenSSH\;E:\Program Files\MATLAB\R2018b\bin;C:\Program Files\nodejs\;C:\Program Files\Git\cmd;C:\WINDOWS\system32\config\systemprofile\AppData\Local\Microsoft\WindowsApps;C:\Program Files\Java\jdk-11.0.2\bin;C:\Program Files\Intel\WiFi\bin\;C:\Program Files\Common Files\Intel\WirelessCommon\;C:\Users\kwasi\AppData\Local\Microsoft\WindowsApps;C:\Java_Maven\Maven\apache-maven-3.6.0-bin\apache-maven-3.6.0\bin;C:\Program Files\JetBrains\IntelliJ IDEA 2018.3.5\bin;C:\Program Files\heroku\bin;C:\Users\kwasi\AppData\Local\Programs\Microsoft VS Code\bin;C:\Users\kwasi\AppData\Roaming\npm;C:\Program Files\Docker Toolbox
USERNAME=Kwasek
OS=Windows_NT
PROCESSOR_IDENTIFIER=Intel64 Family 6 Model 158 Stepping 9, GenuineIntel



---------------  S Y S T E M  ---------------

OS: Windows 10 , 64 bit Build 18362 (10.0.18362.1110)

CPU:total 4 (initial active 4) (4 cores per cpu, 1 threads per core) family 6 model 158 stepping 9, cmov, cx8, fxsr, mmx, sse, sse2, sse3, ssse3, sse4.1, sse4.2, popcnt, avx, avx2, aes, clmul, erms, 3dnowpref, lzcnt, tsc, tscinvbit, bmi1, bmi2, adx, fma

Memory: 4k page, system-wide physical 16269M (3421M free)
TotalPageFile size 19769M (AvailPageFile size 18M)
current process WorkingSet (physical memory assigned to process): 271M, peak: 271M
current process commit charge ("private bytes"): 386M, peak: 438M

vm_info: OpenJDK 64-Bit Server VM (11.0.6+8-b520.43) for windows-amd64 JRE (11.0.6+8-b520.43), built on Feb  3 2020 14:18:56 by "" with MS VC++ 14.0 (VS2015)

END.
